This is pdfTeX, Version 3.141592653-2.6-1.40.24 (TeX Live 2022/Debian) (preloaded format=pdflatex 2024.2.16)  15 APR 2024 10:33
entering extended mode
 restricted \write18 enabled.
 file:line:error style messages enabled.
 %&-line parsing enabled.
**ppc_enc.tex
(/home/jander/documentos/ppc_ec_cc_ufscar/enc/ppc_enc.tex
LaTeX2e <2022-11-01> patch level 1
L3 programming layer <2023-01-16>
(/usr/share/texlive/texmf-dist/tex/latex/base/report.cls
Document Class: report 2022/07/02 v1.4n Standard LaTeX document class
(/usr/share/texlive/texmf-dist/tex/latex/base/size11.clo
File: size11.clo 2022/07/02 v1.4n Standard LaTeX file (size option)
)
\c@part=\count185
\c@chapter=\count186
\c@section=\count187
\c@subsection=\count188
\c@subsubsection=\count189
\c@paragraph=\count190
\c@subparagraph=\count191
\c@figure=\count192
\c@table=\count193
\abovecaptionskip=\skip48
\belowcaptionskip=\skip49
\bibindent=\dimen140
)
(/home/jander/documentos/ppc_ec_cc_ufscar/enc/ec_preambulo.sty
Package: ec_preambulo 2023/02/27 Preâmbulo e definições para o documento

(/usr/share/texlive/texmf-dist/tex/latex/preprint/fullpage.sty
Package: fullpage 1999/02/23 1.1 (PWD)
\FP@margin=\skip50
)
(/usr/share/texlive/texmf-dist/tex/latex/base/fontenc.sty
Package: fontenc 2021/04/29 v2.0v Standard LaTeX package
)
(/usr/share/texlive/texmf-dist/tex/latex/base/inputenc.sty
Package: inputenc 2021/02/14 v1.3d Input encoding file
\inpenc@prehook=\toks16
\inpenc@posthook=\toks17
)
(/usr/share/texlive/texmf-dist/tex/generic/babel/babel.sty
Package: babel 2022/12/26 3.84 The Babel package
\babel@savecnt=\count194
\U@D=\dimen141
\l@unhyphenated=\language10

(/usr/share/texlive/texmf-dist/tex/generic/babel/txtbabel.def)
\bbl@readstream=\read2
\bbl@dirlevel=\count195

(/usr/share/texlive/texmf-dist/tex/generic/babel-portuges/portuguese.ldf
Language: portuges 2021/07/09 v1.2t Portuguese support from the babel system
Package babel Info: Making " an active character on input line 143.
))
(/usr/share/texlive/texmf-dist/tex/generic/babel/locale/pt/babel-portuguese.tex
Package babel Info: Importing font and identification data for portuguese
(babel)             from babel-pt.ini. Reported on input line 11.
) (/usr/share/texlive/texmf-dist/tex/latex/microtype/microtype.sty
Package: microtype 2022/06/23 v3.0f Micro-typographical refinements (RS)

(/usr/share/texlive/texmf-dist/tex/latex/graphics/keyval.sty
Package: keyval 2022/05/29 v1.15 key=value parser (DPC)
\KV@toks@=\toks18
)
(/usr/share/texlive/texmf-dist/tex/latex/etoolbox/etoolbox.sty
Package: etoolbox 2020/10/05 v2.5k e-TeX tools for LaTeX (JAW)
\etb@tempcnta=\count196
)
\MT@toks=\toks19
\MT@tempbox=\box51
\MT@count=\count197
LaTeX Info: Redefining \noprotrusionifhmode on input line 1045.
LaTeX Info: Redefining \leftprotrusion on input line 1046.
LaTeX Info: Redefining \rightprotrusion on input line 1056.
LaTeX Info: Redefining \textls on input line 1234.
\MT@outer@kern=\dimen142
LaTeX Info: Redefining \textmicrotypecontext on input line 1858.
\MT@listname@count=\count198

(/usr/share/texlive/texmf-dist/tex/latex/microtype/microtype-pdftex.def
File: microtype-pdftex.def 2022/06/23 v3.0f Definitions specific to pdftex (RS)

LaTeX Info: Redefining \lsstyle on input line 900.
LaTeX Info: Redefining \lslig on input line 900.
\MT@outer@space=\skip51
)
Package microtype Info: Loading configuration file microtype.cfg.

(/usr/share/texlive/texmf-dist/tex/latex/microtype/microtype.cfg
File: microtype.cfg 2022/06/23 v3.0f microtype main configuration file (RS)
))
(/usr/share/texlive/texmf-dist/tex/latex/graphics/graphicx.sty
Package: graphicx 2021/09/16 v1.2d Enhanced LaTeX Graphics (DPC,SPQR)

(/usr/share/texlive/texmf-dist/tex/latex/graphics/graphics.sty
Package: graphics 2022/03/10 v1.4e Standard LaTeX Graphics (DPC,SPQR)

(/usr/share/texlive/texmf-dist/tex/latex/graphics/trig.sty
Package: trig 2021/08/11 v1.11 sin cos tan (DPC)
)
(/usr/share/texlive/texmf-dist/tex/latex/graphics-cfg/graphics.cfg
File: graphics.cfg 2016/06/04 v1.11 sample graphics configuration
)
Package graphics Info: Driver file: pdftex.def on input line 107.

(/usr/share/texlive/texmf-dist/tex/latex/graphics-def/pdftex.def
File: pdftex.def 2022/09/22 v1.2b Graphics/color driver for pdftex
))
\Gin@req@height=\dimen143
\Gin@req@width=\dimen144
)
(/usr/share/texlive/texmf-dist/tex/latex/setspace/setspace.sty
Package: setspace 2022/12/04 v6.7b set line spacing
)
(/usr/share/texlive/texmf-dist/tex/latex/subfig/subfig.sty
Package: subfig 2005/06/28 ver: 1.3 subfig package

(/usr/share/texlive/texmf-dist/tex/latex/caption/caption.sty
Package: caption 2022/03/01 v3.6b Customizing captions (AR)

(/usr/share/texlive/texmf-dist/tex/latex/caption/caption3.sty
Package: caption3 2022/03/17 v2.3b caption3 kernel (AR)
\caption@tempdima=\dimen145
\captionmargin=\dimen146
\caption@leftmargin=\dimen147
\caption@rightmargin=\dimen148
\caption@width=\dimen149
\caption@indent=\dimen150
\caption@parindent=\dimen151
\caption@hangindent=\dimen152
Package caption Info: Standard document class detected.
)
\c@caption@flags=\count199
\c@continuedfloat=\count266
)
\c@KVtest=\count267
\sf@farskip=\skip52
\sf@captopadj=\dimen153
\sf@capskip=\skip53
\sf@nearskip=\skip54
\c@subfigure=\count268
\c@subfigure@save=\count269
\c@lofdepth=\count270
\c@subtable=\count271
\c@subtable@save=\count272
\c@lotdepth=\count273
\sf@top=\skip55
\sf@bottom=\skip56
)
(/usr/share/texlive/texmf-dist/tex/latex/float/float.sty
Package: float 2001/11/08 v1.3d Float enhancements (AL)
\c@float@type=\count274
\float@exts=\toks20
\float@box=\box52
\@float@everytoks=\toks21
\@floatcapt=\box53
)
(/usr/share/texlive/texmf-dist/tex/latex/enumitem/enumitem.sty
Package: enumitem 2019/06/20 v3.9 Customized lists
\labelindent=\skip57
\enit@outerparindent=\dimen154
\enit@toks=\toks22
\enit@inbox=\box54
\enit@count@id=\count275
\enitdp@description=\count276
)
(/usr/share/texlive/texmf-dist/tex/latex/nowidow/nowidow.sty
Package: nowidow 2011/09/20 1.0 Easily prevent widows and orphans
Package: nowidow 

(/usr/share/texlive/texmf-dist/tex/latex/kvoptions/kvoptions.sty
Package: kvoptions 2022-06-15 v3.15 Key value format for package options (HO)

(/usr/share/texlive/texmf-dist/tex/generic/ltxcmds/ltxcmds.sty
Package: ltxcmds 2020-05-10 v1.25 LaTeX kernel commands for general use (HO)
)
(/usr/share/texlive/texmf-dist/tex/latex/kvsetkeys/kvsetkeys.sty
Package: kvsetkeys 2022-10-05 v1.19 Key value parser (HO)
)))
(/usr/share/texlive/texmf-dist/tex/latex/tools/array.sty
Package: array 2022/09/04 v2.5g Tabular extension package (FMi)
\col@sep=\dimen155
\ar@mcellbox=\box55
\extrarowheight=\dimen156
\NC@list=\toks23
\extratabsurround=\skip58
\backup@length=\skip59
\ar@cellbox=\box56
)
(/usr/share/texlive/texmf-dist/tex/latex/tools/verbatim.sty
Package: verbatim 2022-07-02 v1.5u LaTeX2e package for verbatim enhancements
\every@verbatim=\toks24
\verbatim@line=\toks25
\verbatim@in@stream=\read3
)
(/usr/share/texlive/texmf-dist/tex/generic/soulutf8/soulutf8.sty
Package: soulutf8 2019/12/15 v1.2 Permit use of UTF-8 characters in soul (HO)

(/usr/share/texlive/texmf-dist/tex/generic/soul/soul.sty
Package: soul 2003/11/17 v2.4 letterspacing/underlining (mf)
\SOUL@word=\toks26
\SOUL@lasttoken=\toks27
\SOUL@cmds=\toks28
\SOUL@buffer=\toks29
\SOUL@token=\toks30
\SOUL@spaceskip=\skip60
\SOUL@ttwidth=\dimen157
\SOUL@uldp=\dimen158
\SOUL@ulht=\dimen159
)
(/usr/share/texlive/texmf-dist/tex/generic/infwarerr/infwarerr.sty
Package: infwarerr 2019/12/03 v1.5 Providing info/warning/error messages (HO)
)
(/usr/share/texlive/texmf-dist/tex/generic/etexcmds/etexcmds.sty
Package: etexcmds 2019/12/15 v1.7 Avoid name clashes with e-TeX commands (HO)

(/usr/share/texlive/texmf-dist/tex/generic/iftex/iftex.sty
Package: iftex 2022/02/03 v1.0f TeX engine tests
)))
(/usr/share/texlive/texmf-dist/tex/latex/xargs/xargs.sty
Package: xargs 2008/03/22 v1.1  extended macro definitions  (mpg)

(/usr/share/texlive/texmf-dist/tex/latex/xkeyval/xkeyval.sty
Package: xkeyval 2022/06/16 v2.9 package option processing (HA)

(/usr/share/texlive/texmf-dist/tex/generic/xkeyval/xkeyval.tex
(/usr/share/texlive/texmf-dist/tex/generic/xkeyval/xkvutils.tex
\XKV@toks=\toks31
\XKV@tempa@toks=\toks32
)
\XKV@depth=\count277
File: xkeyval.tex 2014/12/03 v2.7a key=value parser (HA)
))
\xargs@max=\count278
\xargs@toksa=\toks33
\xargs@toksb=\toks34
)
(/usr/share/texlive/texmf-dist/tex/latex/xcolor/xcolor.sty
Package: xcolor 2022/06/12 v2.14 LaTeX color extensions (UK)

(/usr/share/texlive/texmf-dist/tex/latex/graphics-cfg/color.cfg
File: color.cfg 2016/01/02 v1.6 sample color configuration
)
Package xcolor Info: Driver file: pdftex.def on input line 227.

(/usr/share/texlive/texmf-dist/tex/latex/graphics/mathcolor.ltx)
Package xcolor Info: Model `cmy' substituted by `cmy0' on input line 1353.
Package xcolor Info: Model `hsb' substituted by `rgb' on input line 1357.
Package xcolor Info: Model `RGB' extended on input line 1369.
Package xcolor Info: Model `HTML' substituted by `rgb' on input line 1371.
Package xcolor Info: Model `Hsb' substituted by `hsb' on input line 1372.
Package xcolor Info: Model `tHsb' substituted by `hsb' on input line 1373.
Package xcolor Info: Model `HSB' substituted by `hsb' on input line 1374.
Package xcolor Info: Model `Gray' substituted by `gray' on input line 1375.
Package xcolor Info: Model `wave' substituted by `hsb' on input line 1376.

(/usr/share/texlive/texmf-dist/tex/latex/graphics/dvipsnam.def
File: dvipsnam.def 2016/06/17 v3.0m Driver-dependent file (DPC,SPQR)
))
(/usr/share/texlive/texmf-dist/tex/generic/ulem/ulem.sty
\UL@box=\box57
\UL@hyphenbox=\box58
\UL@skip=\skip61
\UL@hook=\toks35
\UL@height=\dimen160
\UL@pe=\count279
\UL@pixel=\dimen161
\ULC@box=\box59
Package: ulem 2019/11/18
\ULdepth=\dimen162
)
(/usr/share/texlive/texmf-dist/tex/latex/hyperref/hyperref.sty
Package: hyperref 2022-11-13 v7.00u Hypertext links for LaTeX

(/usr/share/texlive/texmf-dist/tex/generic/pdftexcmds/pdftexcmds.sty
Package: pdftexcmds 2020-06-27 v0.33 Utility functions of pdfTeX for LuaTeX (HO
)
Package pdftexcmds Info: \pdf@primitive is available.
Package pdftexcmds Info: \pdf@ifprimitive is available.
Package pdftexcmds Info: \pdfdraftmode found.
)
(/usr/share/texlive/texmf-dist/tex/generic/kvdefinekeys/kvdefinekeys.sty
Package: kvdefinekeys 2019-12-19 v1.6 Define keys (HO)
)
(/usr/share/texlive/texmf-dist/tex/generic/pdfescape/pdfescape.sty
Package: pdfescape 2019/12/09 v1.15 Implements pdfTeX's escape features (HO)
)
(/usr/share/texlive/texmf-dist/tex/latex/hycolor/hycolor.sty
Package: hycolor 2020-01-27 v1.10 Color options for hyperref/bookmark (HO)
)
(/usr/share/texlive/texmf-dist/tex/latex/letltxmacro/letltxmacro.sty
Package: letltxmacro 2019/12/03 v1.6 Let assignment for LaTeX macros (HO)
)
(/usr/share/texlive/texmf-dist/tex/latex/auxhook/auxhook.sty
Package: auxhook 2019-12-17 v1.6 Hooks for auxiliary files (HO)
)
(/usr/share/texlive/texmf-dist/tex/latex/hyperref/nameref.sty
Package: nameref 2022-05-17 v2.50 Cross-referencing by name of section

(/usr/share/texlive/texmf-dist/tex/latex/refcount/refcount.sty
Package: refcount 2019/12/15 v3.6 Data extraction from label references (HO)
)
(/usr/share/texlive/texmf-dist/tex/generic/gettitlestring/gettitlestring.sty
Package: gettitlestring 2019/12/15 v1.6 Cleanup title references (HO)
)
\c@section@level=\count280
)
\@linkdim=\dimen163
\Hy@linkcounter=\count281
\Hy@pagecounter=\count282

(/usr/share/texlive/texmf-dist/tex/latex/hyperref/pd1enc.def
File: pd1enc.def 2022-11-13 v7.00u Hyperref: PDFDocEncoding definition (HO)
Now handling font encoding PD1 ...
... no UTF-8 mapping file for font encoding PD1
)
(/usr/share/texlive/texmf-dist/tex/generic/intcalc/intcalc.sty
Package: intcalc 2019/12/15 v1.3 Expandable calculations with integers (HO)
)
\Hy@SavedSpaceFactor=\count283

(/usr/share/texlive/texmf-dist/tex/latex/hyperref/puenc.def
File: puenc.def 2022-11-13 v7.00u Hyperref: PDF Unicode definition (HO)
Now handling font encoding PU ...
... no UTF-8 mapping file for font encoding PU
)
Package hyperref Info: Hyper figures OFF on input line 4162.
Package hyperref Info: Link nesting OFF on input line 4167.
Package hyperref Info: Hyper index ON on input line 4170.
Package hyperref Info: Plain pages OFF on input line 4177.
Package hyperref Info: Backreferencing OFF on input line 4182.
Package hyperref Info: Implicit mode ON; LaTeX internals redefined.
Package hyperref Info: Bookmarks ON on input line 4410.
\c@Hy@tempcnt=\count284

(/usr/share/texlive/texmf-dist/tex/latex/url/url.sty
\Urlmuskip=\muskip16
Package: url 2013/09/16  ver 3.4  Verb mode for urls, etc.
)
LaTeX Info: Redefining \url on input line 4748.
\XeTeXLinkMargin=\dimen164

(/usr/share/texlive/texmf-dist/tex/generic/bitset/bitset.sty
Package: bitset 2019/12/09 v1.3 Handle bit-vector datatype (HO)

(/usr/share/texlive/texmf-dist/tex/generic/bigintcalc/bigintcalc.sty
Package: bigintcalc 2019/12/15 v1.5 Expandable calculations on big integers (HO
)
))
\Fld@menulength=\count285
\Field@Width=\dimen165
\Fld@charsize=\dimen166
Package hyperref Info: Hyper figures OFF on input line 6027.
Package hyperref Info: Link nesting OFF on input line 6032.
Package hyperref Info: Hyper index ON on input line 6035.
Package hyperref Info: backreferencing OFF on input line 6042.
Package hyperref Info: Link coloring OFF on input line 6047.
Package hyperref Info: Link coloring with OCG OFF on input line 6052.
Package hyperref Info: PDF/A mode OFF on input line 6057.

(/usr/share/texlive/texmf-dist/tex/latex/base/atbegshi-ltx.sty
Package: atbegshi-ltx 2021/01/10 v1.0c Emulation of the original atbegshi
package with kernel methods
)
\Hy@abspage=\count286
\c@Item=\count287
\c@Hfootnote=\count288
)
Package hyperref Info: Driver (autodetected): hpdftex.

(/usr/share/texlive/texmf-dist/tex/latex/hyperref/hpdftex.def
File: hpdftex.def 2022-11-13 v7.00u Hyperref driver for pdfTeX

(/usr/share/texlive/texmf-dist/tex/latex/base/atveryend-ltx.sty
Package: atveryend-ltx 2020/08/19 v1.0a Emulation of the original atveryend pac
kage
with kernel methods
)
\Fld@listcount=\count289
\c@bookmark@seq@number=\count290

(/usr/share/texlive/texmf-dist/tex/latex/rerunfilecheck/rerunfilecheck.sty
Package: rerunfilecheck 2022-07-10 v1.10 Rerun checks for auxiliary files (HO)

(/usr/share/texlive/texmf-dist/tex/generic/uniquecounter/uniquecounter.sty
Package: uniquecounter 2019/12/15 v1.4 Provide unlimited unique counter (HO)
)
Package uniquecounter Info: New unique counter `rerunfilecheck' on input line 2
85.
)
\Hy@SectionHShift=\skip62
)
(/usr/share/texlive/texmf-dist/tex/latex/pdflscape/pdflscape.sty
Package: pdflscape 2022-10-27 v0.13 Display of landscape pages in PDF

(/usr/share/texlive/texmf-dist/tex/latex/pdflscape/pdflscape-nometadata.sty
Package: pdflscape-nometadata 2022-10-28 v0.13 Display of landscape pages in PD
F (HO)

(/usr/share/texlive/texmf-dist/tex/latex/graphics/lscape.sty
Package: lscape 2020/05/28 v3.02 Landscape Pages (DPC)
)
Package pdflscape Info: Auto-detected driver: pdftex on input line 81.
))
(/usr/share/texlive/texmf-dist/tex/latex/pdfpages/pdfpages.sty
Package: pdfpages 2022/12/19 v0.5x Insert pages of external PDF documents (AM)

(/usr/share/texlive/texmf-dist/tex/latex/base/ifthen.sty
Package: ifthen 2022/04/13 v1.1d Standard LaTeX ifthen package (DPC)
)
(/usr/share/texlive/texmf-dist/tex/latex/tools/calc.sty
Package: calc 2017/05/25 v4.3 Infix arithmetic (KKT,FJ)
\calc@Acount=\count291
\calc@Bcount=\count292
\calc@Adimen=\dimen167
\calc@Bdimen=\dimen168
\calc@Askip=\skip63
\calc@Bskip=\skip64
LaTeX Info: Redefining \setlength on input line 80.
LaTeX Info: Redefining \addtolength on input line 81.
\calc@Ccount=\count293
\calc@Cskip=\skip65
)
(/usr/share/texlive/texmf-dist/tex/latex/eso-pic/eso-pic.sty
Package: eso-pic 2020/10/14 v3.0a eso-pic (RN)
\ESO@tempdima=\dimen169
\ESO@tempdimb=\dimen170
)
\AM@pagewidth=\dimen171
\AM@pageheight=\dimen172
\AM@fboxrule=\dimen173

(/usr/share/texlive/texmf-dist/tex/latex/pdfpages/pppdftex.def
File: pppdftex.def 2022/12/19 v0.5x Pdfpages driver for pdfTeX (AM)
)
\pdfpages@includegraphics@status=\count294
\AM@pagebox=\box60
\AM@global@opts=\toks36
\AM@pagecnt=\count295
\AM@toc@title=\toks37
\AM@lof@heading=\toks38
\c@AM@survey=\count296
\AM@templatesizebox=\box61
)
(/usr/share/texlive/texmf-dist/tex/latex/booktabs/booktabs.sty
Package: booktabs 2020/01/12 v1.61803398 Publication quality tables
\heavyrulewidth=\dimen174
\lightrulewidth=\dimen175
\cmidrulewidth=\dimen176
\belowrulesep=\dimen177
\belowbottomsep=\dimen178
\aboverulesep=\dimen179
\abovetopsep=\dimen180
\cmidrulesep=\dimen181
\cmidrulekern=\dimen182
\defaultaddspace=\dimen183
\@cmidla=\count297
\@cmidlb=\count298
\@aboverulesep=\dimen184
\@belowrulesep=\dimen185
\@thisruleclass=\count299
\@lastruleclass=\count300
\@thisrulewidth=\dimen186
)
(/usr/share/texlive/texmf-dist/tex/latex/ragged2e/ragged2e.sty
Package: ragged2e 2022/11/13 v3.2 ragged2e Package
\CenteringLeftskip=\skip66
\RaggedLeftLeftskip=\skip67
\RaggedRightLeftskip=\skip68
\CenteringRightskip=\skip69
\RaggedLeftRightskip=\skip70
\RaggedRightRightskip=\skip71
\CenteringParfillskip=\skip72
\RaggedLeftParfillskip=\skip73
\RaggedRightParfillskip=\skip74
\JustifyingParfillskip=\skip75
\CenteringParindent=\skip76
\RaggedLeftParindent=\skip77
\RaggedRightParindent=\skip78
\JustifyingParindent=\skip79
)
(/usr/share/texlive/texmf-dist/tex/latex/graphics/rotating.sty
Package: rotating 2016/08/11 v2.16d rotated objects in LaTeX
\c@r@tfl@t=\count301
\rotFPtop=\skip80
\rotFPbot=\skip81
\rot@float@box=\box62
\rot@mess@toks=\toks39
)
(/usr/share/texlive/texmf-dist/tex/latex/base/textcomp.sty
Package: textcomp 2020/02/02 v2.0n Standard LaTeX package
)
(/usr/share/texlive/texmf-dist/tex/latex/multirow/multirow.sty
Package: multirow 2021/03/15 v2.8 Span multiple rows of a table
\multirow@colwidth=\skip82
\multirow@cntb=\count302
\multirow@dima=\skip83
\bigstrutjot=\dimen187
)
(/usr/share/texlive/texmf-dist/tex/latex/tools/longtable.sty
Package: longtable 2021-09-01 v4.17 Multi-page Table package (DPC)
\LTleft=\skip84
\LTright=\skip85
\LTpre=\skip86
\LTpost=\skip87
\LTchunksize=\count303
\LTcapwidth=\dimen188
\LT@head=\box63
\LT@firsthead=\box64
\LT@foot=\box65
\LT@lastfoot=\box66
\LT@gbox=\box67
\LT@cols=\count304
\LT@rows=\count305
\c@LT@tables=\count306
\c@LT@chunks=\count307
\LT@p@ftn=\toks40
)
(/usr/share/texlive/texmf-dist/tex/latex/lipsum/lipsum.sty
(/usr/share/texlive/texmf-dist/tex/latex/l3packages/l3keys2e/l3keys2e.sty
(/usr/share/texlive/texmf-dist/tex/latex/l3kernel/expl3.sty
Package: expl3 2023-01-16 L3 programming layer (loader) 

(/usr/share/texlive/texmf-dist/tex/latex/l3backend/l3backend-pdftex.def
File: l3backend-pdftex.def 2023-01-16 L3 backend support: PDF output (pdfTeX)
\l__color_backend_stack_int=\count308
\l__pdf_internal_box=\box68
))
Package: l3keys2e 2023-01-16 LaTeX2e option processing using LaTeX3 keys
)
Package: lipsum 2021-09-20 v2.7 150 paragraphs of Lorem Ipsum dummy text
\g__lipsum_par_int=\count309
\l__lipsum_a_int=\count310
\l__lipsum_b_int=\count311

(/usr/share/texlive/texmf-dist/tex/latex/lipsum/lipsum.ltd.tex))
(/usr/share/texlive/texmf-dist/tex/latex/pgf/frontendlayer/tikz.sty
(/usr/share/texlive/texmf-dist/tex/latex/pgf/basiclayer/pgf.sty
(/usr/share/texlive/texmf-dist/tex/latex/pgf/utilities/pgfrcs.sty
(/usr/share/texlive/texmf-dist/tex/generic/pgf/utilities/pgfutil-common.tex
\pgfutil@everybye=\toks41
\pgfutil@tempdima=\dimen189
\pgfutil@tempdimb=\dimen190
)
(/usr/share/texlive/texmf-dist/tex/generic/pgf/utilities/pgfutil-latex.def
\pgfutil@abb=\box69
)
(/usr/share/texlive/texmf-dist/tex/generic/pgf/utilities/pgfrcs.code.tex
(/usr/share/texlive/texmf-dist/tex/generic/pgf/pgf.revision.tex)
Package: pgfrcs 2023-01-15 v3.1.10 (3.1.10)
))
Package: pgf 2023-01-15 v3.1.10 (3.1.10)

(/usr/share/texlive/texmf-dist/tex/latex/pgf/basiclayer/pgfcore.sty
(/usr/share/texlive/texmf-dist/tex/latex/pgf/systemlayer/pgfsys.sty
(/usr/share/texlive/texmf-dist/tex/generic/pgf/systemlayer/pgfsys.code.tex
Package: pgfsys 2023-01-15 v3.1.10 (3.1.10)

(/usr/share/texlive/texmf-dist/tex/generic/pgf/utilities/pgfkeys.code.tex
\pgfkeys@pathtoks=\toks42
\pgfkeys@temptoks=\toks43

(/usr/share/texlive/texmf-dist/tex/generic/pgf/utilities/pgfkeyslibraryfiltered
.code.tex
\pgfkeys@tmptoks=\toks44
))
\pgf@x=\dimen191
\pgf@y=\dimen192
\pgf@xa=\dimen193
\pgf@ya=\dimen194
\pgf@xb=\dimen195
\pgf@yb=\dimen196
\pgf@xc=\dimen197
\pgf@yc=\dimen198
\pgf@xd=\dimen199
\pgf@yd=\dimen256
\w@pgf@writea=\write3
\r@pgf@reada=\read4
\c@pgf@counta=\count312
\c@pgf@countb=\count313
\c@pgf@countc=\count314
\c@pgf@countd=\count315
\t@pgf@toka=\toks45
\t@pgf@tokb=\toks46
\t@pgf@tokc=\toks47
\pgf@sys@id@count=\count316
 (/usr/share/texlive/texmf-dist/tex/generic/pgf/systemlayer/pgf.cfg
File: pgf.cfg 2023-01-15 v3.1.10 (3.1.10)
)
Driver file for pgf: pgfsys-pdftex.def
(/usr/share/texlive/texmf-dist/tex/generic/pgf/systemlayer/pgfsys-pdftex.def
File: pgfsys-pdftex.def 2023-01-15 v3.1.10 (3.1.10)

(/usr/share/texlive/texmf-dist/tex/generic/pgf/systemlayer/pgfsys-common-pdf.de
f
File: pgfsys-common-pdf.def 2023-01-15 v3.1.10 (3.1.10)
)))
(/usr/share/texlive/texmf-dist/tex/generic/pgf/systemlayer/pgfsyssoftpath.code.
tex
File: pgfsyssoftpath.code.tex 2023-01-15 v3.1.10 (3.1.10)
\pgfsyssoftpath@smallbuffer@items=\count317
\pgfsyssoftpath@bigbuffer@items=\count318
)
(/usr/share/texlive/texmf-dist/tex/generic/pgf/systemlayer/pgfsysprotocol.code.
tex
File: pgfsysprotocol.code.tex 2023-01-15 v3.1.10 (3.1.10)
))
(/usr/share/texlive/texmf-dist/tex/generic/pgf/basiclayer/pgfcore.code.tex
Package: pgfcore 2023-01-15 v3.1.10 (3.1.10)

(/usr/share/texlive/texmf-dist/tex/generic/pgf/math/pgfmath.code.tex
(/usr/share/texlive/texmf-dist/tex/generic/pgf/math/pgfmathutil.code.tex)
(/usr/share/texlive/texmf-dist/tex/generic/pgf/math/pgfmathparser.code.tex
\pgfmath@dimen=\dimen257
\pgfmath@count=\count319
\pgfmath@box=\box70
\pgfmath@toks=\toks48
\pgfmath@stack@operand=\toks49
\pgfmath@stack@operation=\toks50
)
(/usr/share/texlive/texmf-dist/tex/generic/pgf/math/pgfmathfunctions.code.tex)
(/usr/share/texlive/texmf-dist/tex/generic/pgf/math/pgfmathfunctions.basic.code
.tex)
(/usr/share/texlive/texmf-dist/tex/generic/pgf/math/pgfmathfunctions.trigonomet
ric.code.tex)
(/usr/share/texlive/texmf-dist/tex/generic/pgf/math/pgfmathfunctions.random.cod
e.tex)
(/usr/share/texlive/texmf-dist/tex/generic/pgf/math/pgfmathfunctions.comparison
.code.tex)
(/usr/share/texlive/texmf-dist/tex/generic/pgf/math/pgfmathfunctions.base.code.
tex)
(/usr/share/texlive/texmf-dist/tex/generic/pgf/math/pgfmathfunctions.round.code
.tex)
(/usr/share/texlive/texmf-dist/tex/generic/pgf/math/pgfmathfunctions.misc.code.
tex)
(/usr/share/texlive/texmf-dist/tex/generic/pgf/math/pgfmathfunctions.integerari
thmetics.code.tex)
(/usr/share/texlive/texmf-dist/tex/generic/pgf/math/pgfmathcalc.code.tex)
(/usr/share/texlive/texmf-dist/tex/generic/pgf/math/pgfmathfloat.code.tex
\c@pgfmathroundto@lastzeros=\count320
))
(/usr/share/texlive/texmf-dist/tex/generic/pgf/math/pgfint.code.tex)
(/usr/share/texlive/texmf-dist/tex/generic/pgf/basiclayer/pgfcorepoints.code.te
x
File: pgfcorepoints.code.tex 2023-01-15 v3.1.10 (3.1.10)
\pgf@picminx=\dimen258
\pgf@picmaxx=\dimen259
\pgf@picminy=\dimen260
\pgf@picmaxy=\dimen261
\pgf@pathminx=\dimen262
\pgf@pathmaxx=\dimen263
\pgf@pathminy=\dimen264
\pgf@pathmaxy=\dimen265
\pgf@xx=\dimen266
\pgf@xy=\dimen267
\pgf@yx=\dimen268
\pgf@yy=\dimen269
\pgf@zx=\dimen270
\pgf@zy=\dimen271
)
(/usr/share/texlive/texmf-dist/tex/generic/pgf/basiclayer/pgfcorepathconstruct.
code.tex
File: pgfcorepathconstruct.code.tex 2023-01-15 v3.1.10 (3.1.10)
\pgf@path@lastx=\dimen272
\pgf@path@lasty=\dimen273
)
(/usr/share/texlive/texmf-dist/tex/generic/pgf/basiclayer/pgfcorepathusage.code
.tex
File: pgfcorepathusage.code.tex 2023-01-15 v3.1.10 (3.1.10)
\pgf@shorten@end@additional=\dimen274
\pgf@shorten@start@additional=\dimen275
)
(/usr/share/texlive/texmf-dist/tex/generic/pgf/basiclayer/pgfcorescopes.code.te
x
File: pgfcorescopes.code.tex 2023-01-15 v3.1.10 (3.1.10)
\pgfpic=\box71
\pgf@hbox=\box72
\pgf@layerbox@main=\box73
\pgf@picture@serial@count=\count321
)
(/usr/share/texlive/texmf-dist/tex/generic/pgf/basiclayer/pgfcoregraphicstate.c
ode.tex
File: pgfcoregraphicstate.code.tex 2023-01-15 v3.1.10 (3.1.10)
\pgflinewidth=\dimen276
)
(/usr/share/texlive/texmf-dist/tex/generic/pgf/basiclayer/pgfcoretransformation
s.code.tex
File: pgfcoretransformations.code.tex 2023-01-15 v3.1.10 (3.1.10)
\pgf@pt@x=\dimen277
\pgf@pt@y=\dimen278
\pgf@pt@temp=\dimen279
)
(/usr/share/texlive/texmf-dist/tex/generic/pgf/basiclayer/pgfcorequick.code.tex
File: pgfcorequick.code.tex 2023-01-15 v3.1.10 (3.1.10)
)
(/usr/share/texlive/texmf-dist/tex/generic/pgf/basiclayer/pgfcoreobjects.code.t
ex
File: pgfcoreobjects.code.tex 2023-01-15 v3.1.10 (3.1.10)
)
(/usr/share/texlive/texmf-dist/tex/generic/pgf/basiclayer/pgfcorepathprocessing
.code.tex
File: pgfcorepathprocessing.code.tex 2023-01-15 v3.1.10 (3.1.10)
)
(/usr/share/texlive/texmf-dist/tex/generic/pgf/basiclayer/pgfcorearrows.code.te
x
File: pgfcorearrows.code.tex 2023-01-15 v3.1.10 (3.1.10)
\pgfarrowsep=\dimen280
)
(/usr/share/texlive/texmf-dist/tex/generic/pgf/basiclayer/pgfcoreshade.code.tex
File: pgfcoreshade.code.tex 2023-01-15 v3.1.10 (3.1.10)
\pgf@max=\dimen281
\pgf@sys@shading@range@num=\count322
\pgf@shadingcount=\count323
)
(/usr/share/texlive/texmf-dist/tex/generic/pgf/basiclayer/pgfcoreimage.code.tex
File: pgfcoreimage.code.tex 2023-01-15 v3.1.10 (3.1.10)
)
(/usr/share/texlive/texmf-dist/tex/generic/pgf/basiclayer/pgfcoreexternal.code.
tex
File: pgfcoreexternal.code.tex 2023-01-15 v3.1.10 (3.1.10)
\pgfexternal@startupbox=\box74
)
(/usr/share/texlive/texmf-dist/tex/generic/pgf/basiclayer/pgfcorelayers.code.te
x
File: pgfcorelayers.code.tex 2023-01-15 v3.1.10 (3.1.10)
)
(/usr/share/texlive/texmf-dist/tex/generic/pgf/basiclayer/pgfcoretransparency.c
ode.tex
File: pgfcoretransparency.code.tex 2023-01-15 v3.1.10 (3.1.10)
)
(/usr/share/texlive/texmf-dist/tex/generic/pgf/basiclayer/pgfcorepatterns.code.
tex
File: pgfcorepatterns.code.tex 2023-01-15 v3.1.10 (3.1.10)
)
(/usr/share/texlive/texmf-dist/tex/generic/pgf/basiclayer/pgfcorerdf.code.tex
File: pgfcorerdf.code.tex 2023-01-15 v3.1.10 (3.1.10)
)))
(/usr/share/texlive/texmf-dist/tex/generic/pgf/modules/pgfmoduleshapes.code.tex
File: pgfmoduleshapes.code.tex 2023-01-15 v3.1.10 (3.1.10)
\pgfnodeparttextbox=\box75
) (/usr/share/texlive/texmf-dist/tex/generic/pgf/modules/pgfmoduleplot.code.tex
File: pgfmoduleplot.code.tex 2023-01-15 v3.1.10 (3.1.10)
)
(/usr/share/texlive/texmf-dist/tex/latex/pgf/compatibility/pgfcomp-version-0-65
.sty
Package: pgfcomp-version-0-65 2023-01-15 v3.1.10 (3.1.10)
\pgf@nodesepstart=\dimen282
\pgf@nodesepend=\dimen283
)
(/usr/share/texlive/texmf-dist/tex/latex/pgf/compatibility/pgfcomp-version-1-18
.sty
Package: pgfcomp-version-1-18 2023-01-15 v3.1.10 (3.1.10)
)) (/usr/share/texlive/texmf-dist/tex/latex/pgf/utilities/pgffor.sty
(/usr/share/texlive/texmf-dist/tex/latex/pgf/utilities/pgfkeys.sty
(/usr/share/texlive/texmf-dist/tex/generic/pgf/utilities/pgfkeys.code.tex))
(/usr/share/texlive/texmf-dist/tex/latex/pgf/math/pgfmath.sty
(/usr/share/texlive/texmf-dist/tex/generic/pgf/math/pgfmath.code.tex))
(/usr/share/texlive/texmf-dist/tex/generic/pgf/utilities/pgffor.code.tex
Package: pgffor 2023-01-15 v3.1.10 (3.1.10)
\pgffor@iter=\dimen284
\pgffor@skip=\dimen285
\pgffor@stack=\toks51
\pgffor@toks=\toks52
))
(/usr/share/texlive/texmf-dist/tex/generic/pgf/frontendlayer/tikz/tikz.code.tex
Package: tikz 2023-01-15 v3.1.10 (3.1.10)

(/usr/share/texlive/texmf-dist/tex/generic/pgf/libraries/pgflibraryplothandlers
.code.tex
File: pgflibraryplothandlers.code.tex 2023-01-15 v3.1.10 (3.1.10)
\pgf@plot@mark@count=\count324
\pgfplotmarksize=\dimen286
)
\tikz@lastx=\dimen287
\tikz@lasty=\dimen288
\tikz@lastxsaved=\dimen289
\tikz@lastysaved=\dimen290
\tikz@lastmovetox=\dimen291
\tikz@lastmovetoy=\dimen292
\tikzleveldistance=\dimen293
\tikzsiblingdistance=\dimen294
\tikz@figbox=\box76
\tikz@figbox@bg=\box77
\tikz@tempbox=\box78
\tikz@tempbox@bg=\box79
\tikztreelevel=\count325
\tikznumberofchildren=\count326
\tikznumberofcurrentchild=\count327
\tikz@fig@count=\count328

(/usr/share/texlive/texmf-dist/tex/generic/pgf/modules/pgfmodulematrix.code.tex
File: pgfmodulematrix.code.tex 2023-01-15 v3.1.10 (3.1.10)
\pgfmatrixcurrentrow=\count329
\pgfmatrixcurrentcolumn=\count330
\pgf@matrix@numberofcolumns=\count331
)
\tikz@expandcount=\count332

(/usr/share/texlive/texmf-dist/tex/generic/pgf/frontendlayer/tikz/libraries/tik
zlibrarytopaths.code.tex
File: tikzlibrarytopaths.code.tex 2023-01-15 v3.1.10 (3.1.10)
)))
(/usr/share/texlive/texmf-dist/tex/generic/pgf/frontendlayer/tikz/libraries/tik
zlibraryshadows.code.tex
File: tikzlibraryshadows.code.tex 2023-01-15 v3.1.10 (3.1.10)

(/usr/share/texlive/texmf-dist/tex/generic/pgf/frontendlayer/tikz/libraries/tik
zlibraryfadings.code.tex
File: tikzlibraryfadings.code.tex 2023-01-15 v3.1.10 (3.1.10)

(/usr/share/texlive/texmf-dist/tex/generic/pgf/libraries/pgflibraryfadings.code
.tex
File: pgflibraryfadings.code.tex 2023-01-15 v3.1.10 (3.1.10)
)))
(/usr/share/texlive/texmf-dist/tex/generic/pgf/frontendlayer/tikz/libraries/tik
zlibraryarrows.code.tex
File: tikzlibraryarrows.code.tex 2023-01-15 v3.1.10 (3.1.10)

(/usr/share/texlive/texmf-dist/tex/generic/pgf/libraries/pgflibraryarrows.code.
tex
File: pgflibraryarrows.code.tex 2023-01-15 v3.1.10 (3.1.10)
\arrowsize=\dimen295
))
(/usr/share/texlive/texmf-dist/tex/generic/pgf/frontendlayer/tikz/libraries/tik
zlibrarypositioning.code.tex
File: tikzlibrarypositioning.code.tex 2023-01-15 v3.1.10 (3.1.10)
) (.././disciplinas.sty
Package: disciplinas 2022/11/24 Comandos para manipulação das disciplinas
 (.././atributos.sty
Package: atributos 2022/11/27 Comandos básicos para armazenamento de atributos

)
(.././competencias.sty
Package: competencias 2022/11/28 Estruturação das competências
\largura=\skip88
)
\c@competenciaspordisciplina=\count333
\primeiracoluna=\skip89
) (.././anotacoes.sty
Package: anotacoes 2022/11/28 Anotações de margem individualizadas

(/usr/share/texlive/texmf-dist/tex/latex/todonotes/todonotes.sty
Package: todonotes 2021/06/04 v1.1.5 Todonotes source and documentation.
Package: todonotes 2021/06/04
\c@@todonotes@numberoftodonotes=\count334
))
(.././atividades.sty
Package: atividades 2023/03/21 Descrição das atividades e competências assoc
iadas
)
(/usr/share/texlive/texmf-dist/tex/latex/titlesec/titlesec.sty
Package: titlesec 2021/07/05 v2.14 Sectioning titles
\ttl@box=\box80
\beforetitleunit=\skip90
\aftertitleunit=\skip91
\ttl@plus=\dimen296
\ttl@minus=\dimen297
\ttl@toksa=\toks53
\titlewidth=\dimen298
\titlewidthlast=\dimen299
\titlewidthfirst=\dimen300
)
(/usr/share/texlive/texmf-dist/tex/latex/csquotes/csquotes.sty
Package: csquotes 2022-09-14 v5.2n context-sensitive quotations (JAW)
\csq@reset=\count335
\csq@gtype=\count336
\csq@glevel=\count337
\csq@qlevel=\count338
\csq@maxlvl=\count339
\csq@tshold=\count340
\csq@ltx@everypar=\toks54

(/usr/share/texlive/texmf-dist/tex/latex/csquotes/csquotes.def
File: csquotes.def 2022-09-14 v5.2n csquotes generic definitions (JAW)
)
Package csquotes Info: Trying to load configuration file 'csquotes.cfg'...
Package csquotes Info: ... configuration file loaded successfully.

(/usr/share/texlive/texmf-dist/tex/latex/csquotes/csquotes.cfg
File: csquotes.cfg 
))
(/usr/share/texlive/texmf-dist/tex/latex/biblatex/biblatex.sty
Package: biblatex 2022/07/12 v3.18b programmable bibliographies (PK/MW)

(/usr/share/texlive/texmf-dist/tex/latex/logreq/logreq.sty
Package: logreq 2010/08/04 v1.0 xml request logger
\lrq@indent=\count341

(/usr/share/texlive/texmf-dist/tex/latex/logreq/logreq.def
File: logreq.def 2010/08/04 v1.0 logreq spec v1.0
))
\c@tabx@nest=\count342
\c@listtotal=\count343
\c@listcount=\count344
\c@liststart=\count345
\c@liststop=\count346
\c@citecount=\count347
\c@citetotal=\count348
\c@multicitecount=\count349
\c@multicitetotal=\count350
\c@instcount=\count351
\c@maxnames=\count352
\c@minnames=\count353
\c@maxitems=\count354
\c@minitems=\count355
\c@citecounter=\count356
\c@maxcitecounter=\count357
\c@savedcitecounter=\count358
\c@uniquelist=\count359
\c@uniquename=\count360
\c@refsection=\count361
\c@refsegment=\count362
\c@maxextratitle=\count363
\c@maxextratitleyear=\count364
\c@maxextraname=\count365
\c@maxextradate=\count366
\c@maxextraalpha=\count367
\c@abbrvpenalty=\count368
\c@highnamepenalty=\count369
\c@lownamepenalty=\count370
\c@maxparens=\count371
\c@parenlevel=\count372
\blx@tempcnta=\count373
\blx@tempcntb=\count374
\blx@tempcntc=\count375
\c@blx@maxsection=\count376
\blx@maxsegment@0=\count377
\blx@notetype=\count378
\blx@parenlevel@text=\count379
\blx@parenlevel@foot=\count380
\blx@sectionciteorder@0=\count381
\blx@sectionciteorderinternal@0=\count382
\blx@entrysetcounter=\count383
\blx@biblioinstance=\count384
\labelnumberwidth=\skip92
\labelalphawidth=\skip93
\biblabelsep=\skip94
\bibitemsep=\skip95
\bibnamesep=\skip96
\bibinitsep=\skip97
\bibparsep=\skip98
\bibhang=\skip99
\blx@bcfin=\read5
\blx@bcfout=\write4
\blx@langwohyphens=\language11
\c@mincomprange=\count385
\c@maxcomprange=\count386
\c@mincompwidth=\count387
Package biblatex Info: Trying to load biblatex default data model...
Package biblatex Info: ... file 'blx-dm.def' found.

(/usr/share/texlive/texmf-dist/tex/latex/biblatex/blx-dm.def
File: blx-dm.def 2022/07/12 v3.18b biblatex localization (PK/MW)
)
Package biblatex Info: Trying to load biblatex style data model...
Package biblatex Info: ... file 'abnt.dbx' not found.
Package biblatex Info: Trying to load biblatex custom data model...
Package biblatex Info: ... file 'biblatex-dm.cfg' not found.
\c@afterword=\count388
\c@savedafterword=\count389
\c@annotator=\count390
\c@savedannotator=\count391
\c@author=\count392
\c@savedauthor=\count393
\c@bookauthor=\count394
\c@savedbookauthor=\count395
\c@commentator=\count396
\c@savedcommentator=\count397
\c@editor=\count398
\c@savededitor=\count399
\c@editora=\count400
\c@savededitora=\count401
\c@editorb=\count402
\c@savededitorb=\count403
\c@editorc=\count404
\c@savededitorc=\count405
\c@foreword=\count406
\c@savedforeword=\count407
\c@holder=\count408
\c@savedholder=\count409
\c@introduction=\count410
\c@savedintroduction=\count411
\c@namea=\count412
\c@savednamea=\count413
\c@nameb=\count414
\c@savednameb=\count415
\c@namec=\count416
\c@savednamec=\count417
\c@translator=\count418
\c@savedtranslator=\count419
\c@shortauthor=\count420
\c@savedshortauthor=\count421
\c@shorteditor=\count422
\c@savedshorteditor=\count423
\c@labelname=\count424
\c@savedlabelname=\count425
\c@institution=\count426
\c@savedinstitution=\count427
\c@lista=\count428
\c@savedlista=\count429
\c@listb=\count430
\c@savedlistb=\count431
\c@listc=\count432
\c@savedlistc=\count433
\c@listd=\count434
\c@savedlistd=\count435
\c@liste=\count436
\c@savedliste=\count437
\c@listf=\count438
\c@savedlistf=\count439
\c@location=\count440
\c@savedlocation=\count441
\c@organization=\count442
\c@savedorganization=\count443
\c@origlocation=\count444
\c@savedoriglocation=\count445
\c@origpublisher=\count446
\c@savedorigpublisher=\count447
\c@publisher=\count448
\c@savedpublisher=\count449
\c@language=\count450
\c@savedlanguage=\count451
\c@origlanguage=\count452
\c@savedoriglanguage=\count453
\c@pageref=\count454
\c@savedpageref=\count455
\shorthandwidth=\skip100
\shortjournalwidth=\skip101
\shortserieswidth=\skip102
\shorttitlewidth=\skip103
\shortauthorwidth=\skip104
\shorteditorwidth=\skip105
\locallabelnumberwidth=\skip106
\locallabelalphawidth=\skip107
\localshorthandwidth=\skip108
\localshortjournalwidth=\skip109
\localshortserieswidth=\skip110
\localshorttitlewidth=\skip111
\localshortauthorwidth=\skip112
\localshorteditorwidth=\skip113
Package biblatex Info: Trying to load compatibility code...
Package biblatex Info: ... file 'blx-compat.def' found.

(/usr/share/texlive/texmf-dist/tex/latex/biblatex/blx-compat.def
File: blx-compat.def 2022/07/12 v3.18b biblatex compatibility (PK/MW)
)
Package biblatex Info: Trying to load generic definitions...
Package biblatex Info: ... file 'biblatex.def' found.

(/usr/share/texlive/texmf-dist/tex/latex/biblatex/biblatex.def
File: biblatex.def 2022/07/12 v3.18b biblatex compatibility (PK/MW)
\c@textcitecount=\count456
\c@textcitetotal=\count457
\c@textcitemaxnames=\count458
\c@biburlbigbreakpenalty=\count459
\c@biburlbreakpenalty=\count460
\c@biburlnumpenalty=\count461
\c@biburlucpenalty=\count462
\c@biburllcpenalty=\count463
\biburlbigskip=\muskip17
\biburlnumskip=\muskip18
\biburlucskip=\muskip19
\biburllcskip=\muskip20
\c@smartand=\count464
)
Package biblatex Info: Trying to load bibliography style 'abnt'...
Package biblatex Info: ... file 'abnt.bbx' found.

(/usr/share/texlive/texmf-dist/tex/latex/biblatex-abnt/abnt.bbx
File: abnt.bbx 2018-11-17 v3.4 ABNT BibLaTeX citation style

(/usr/share/texlive/texmf-dist/tex/latex/l3packages/xparse/xparse.sty
Package: xparse 2023-01-16 L3 Experimental document command parser
)
(/usr/share/texlive/texmf-dist/tex/latex/xpatch/xpatch.sty
Package: xpatch 2020/03/25 v0.3a Extending etoolbox patching commands
)
Package biblatex Info: Trying to load bibliography style 'standard'...
Package biblatex Info: ... file 'standard.bbx' found.

(/usr/share/texlive/texmf-dist/tex/latex/biblatex/bbx/standard.bbx
File: standard.bbx 2022/07/12 v3.18b biblatex bibliography style (PK/MW)
\c@bbx:relatedcount=\count465
\c@bbx:relatedtotal=\count466
))
Package biblatex Info: Trying to load citation style 'abnt'...
Package biblatex Info: ... file 'abnt.cbx' found.

(/usr/share/texlive/texmf-dist/tex/latex/biblatex-abnt/abnt.cbx
File: abnt.cbx 2018-11-17 v3.4 ABNT BibLaTeX citation style
Package biblatex Info: Trying to load citation style 'authoryear-comp'...
Package biblatex Info: ... file 'authoryear-comp.cbx' found.

(/usr/share/texlive/texmf-dist/tex/latex/biblatex/cbx/authoryear-comp.cbx
File: authoryear-comp.cbx 2022/07/12 v3.18b biblatex citation style (PK/MW)
Package biblatex Info: Redefining '\cite'.
Package biblatex Info: Redefining '\parencite'.
Package biblatex Info: Redefining '\footcite'.
Package biblatex Info: Redefining '\footcitetext'.
Package biblatex Info: Redefining '\smartcite'.
Package biblatex Info: Redefining '\textcite'.
Package biblatex Info: Redefining '\textcites'.
Package biblatex Info: Redefining '\cites'.
Package biblatex Info: Redefining '\parencites'.
Package biblatex Info: Redefining '\footcites'.
Package biblatex Info: Redefining '\footcitetexts'.
Package biblatex Info: Redefining '\smartcites'.
)
Package biblatex Info: Redefining '\cite'.
Package biblatex Info: Redefining '\cites'.
Package biblatex Info: Redefining '\footcite'.
Package biblatex Info: Redefining '\footcites'.
Package biblatex Info: Redefining '\citetitle'.
Package biblatex Info: Redefining '\smartcite'.
Package biblatex Info: Redefining '\citeauthor'.
Package biblatex Info: Redefining '\citeyear'.
)
Package biblatex Info: Trying to load configuration file...
Package biblatex Info: ... file 'biblatex.cfg' found.

(/usr/share/texlive/texmf-dist/tex/latex/biblatex/biblatex.cfg
File: biblatex.cfg 
)
Package biblatex Info: Input encoding 'utf8' detected.
Package biblatex Info: Document encoding is UTF8 ....
Package biblatex Info: ... and expl3
(biblatex)             2023-01-16 L3 programming layer (loader) 
(biblatex)             is new enough (at least 2020/04/06),
(biblatex)             setting 'casechanger=expl3'.

(/usr/share/texlive/texmf-dist/tex/latex/biblatex/blx-case-expl3.sty
Package: blx-case-expl3 2022/07/12 v3.18b expl3 case changing code for biblatex

)))
(/usr/share/texlive/texmf-dist/tex/latex/amsmath/amsmath.sty
Package: amsmath 2022/04/08 v2.17n AMS math features
\@mathmargin=\skip114

For additional information on amsmath, use the `?' option.
(/usr/share/texlive/texmf-dist/tex/latex/amsmath/amstext.sty
Package: amstext 2021/08/26 v2.01 AMS text

(/usr/share/texlive/texmf-dist/tex/latex/amsmath/amsgen.sty
File: amsgen.sty 1999/11/30 v2.0 generic functions
\@emptytoks=\toks55
\ex@=\dimen301
))
(/usr/share/texlive/texmf-dist/tex/latex/amsmath/amsbsy.sty
Package: amsbsy 1999/11/29 v1.2d Bold Symbols
\pmbraise@=\dimen302
)
(/usr/share/texlive/texmf-dist/tex/latex/amsmath/amsopn.sty
Package: amsopn 2022/04/08 v2.04 operator names
)
\inf@bad=\count467
LaTeX Info: Redefining \frac on input line 234.
\uproot@=\count468
\leftroot@=\count469
LaTeX Info: Redefining \overline on input line 399.
LaTeX Info: Redefining \colon on input line 410.
\classnum@=\count470
\DOTSCASE@=\count471
LaTeX Info: Redefining \ldots on input line 496.
LaTeX Info: Redefining \dots on input line 499.
LaTeX Info: Redefining \cdots on input line 620.
\Mathstrutbox@=\box81
\strutbox@=\box82
LaTeX Info: Redefining \big on input line 722.
LaTeX Info: Redefining \Big on input line 723.
LaTeX Info: Redefining \bigg on input line 724.
LaTeX Info: Redefining \Bigg on input line 725.
\big@size=\dimen303
LaTeX Font Info:    Redeclaring font encoding OML on input line 743.
LaTeX Font Info:    Redeclaring font encoding OMS on input line 744.
\macc@depth=\count472
LaTeX Info: Redefining \bmod on input line 905.
LaTeX Info: Redefining \pmod on input line 910.
LaTeX Info: Redefining \smash on input line 940.
LaTeX Info: Redefining \relbar on input line 970.
LaTeX Info: Redefining \Relbar on input line 971.
\c@MaxMatrixCols=\count473
\dotsspace@=\muskip21
\c@parentequation=\count474
\dspbrk@lvl=\count475
\tag@help=\toks56
\row@=\count476
\column@=\count477
\maxfields@=\count478
\andhelp@=\toks57
\eqnshift@=\dimen304
\alignsep@=\dimen305
\tagshift@=\dimen306
\tagwidth@=\dimen307
\totwidth@=\dimen308
\lineht@=\dimen309
\@envbody=\toks58
\multlinegap=\skip115
\multlinetaggap=\skip116
\mathdisplay@stack=\toks59
LaTeX Info: Redefining \[ on input line 2953.
LaTeX Info: Redefining \] on input line 2954.
)
Package csquotes Info: Checking for multilingual support...
Package csquotes Info: ... found 'babel' package.
Package csquotes Info: Adjusting default style.
Package csquotes Info: Redefining alias 'default' -> 'portuguese'.

(/home/jander/documentos/ppc_ec_cc_ufscar/enc/ppc_enc.aux

LaTeX Warning: Label `sec:E9' multiply defined.

)
\openout1 = `ppc_enc.aux'.

LaTeX Font Info:    Checking defaults for OML/cmm/m/it on input line 48.
LaTeX Font Info:    ... okay on input line 48.
LaTeX Font Info:    Checking defaults for OMS/cmsy/m/n on input line 48.
LaTeX Font Info:    ... okay on input line 48.
LaTeX Font Info:    Checking defaults for OT1/cmr/m/n on input line 48.
LaTeX Font Info:    ... okay on input line 48.
LaTeX Font Info:    Checking defaults for T1/cmr/m/n on input line 48.
LaTeX Font Info:    ... okay on input line 48.
LaTeX Font Info:    Checking defaults for TS1/cmr/m/n on input line 48.
LaTeX Font Info:    ... okay on input line 48.
LaTeX Font Info:    Checking defaults for OMX/cmex/m/n on input line 48.
LaTeX Font Info:    ... okay on input line 48.
LaTeX Font Info:    Checking defaults for U/cmr/m/n on input line 48.
LaTeX Font Info:    ... okay on input line 48.
LaTeX Font Info:    Checking defaults for PD1/pdf/m/n on input line 48.
LaTeX Font Info:    ... okay on input line 48.
LaTeX Font Info:    Checking defaults for PU/pdf/m/n on input line 48.
LaTeX Font Info:    ... okay on input line 48.
LaTeX Info: Redefining \microtypecontext on input line 48.
Package microtype Info: Applying patch `item' on input line 48.
Package microtype Info: Applying patch `toc' on input line 48.
Package microtype Info: Applying patch `eqnum' on input line 48.
Package microtype Info: Applying patch `footnote' on input line 48.
Package microtype Info: Generating PDF output.
Package microtype Info: Character protrusion enabled (level 2).
Package microtype Info: Using default protrusion set `alltext'.
Package microtype Info: Automatic font expansion enabled (level 2),
(microtype)             stretch: 20, shrink: 20, step: 1, non-selected.
Package microtype Info: Using default expansion set `alltext-nott'.
LaTeX Info: Redefining \showhyphens on input line 48.
Package microtype Info: No adjustment of tracking.
Package microtype Info: No adjustment of interword spacing.
Package microtype Info: No adjustment of character kerning.
 (/usr/share/texlive/texmf-dist/tex/latex/microtype/mt-cmr.cfg
File: mt-cmr.cfg 2013/05/19 v2.2 microtype config. file: Computer Modern Roman 
(RS)
)
(/usr/share/texlive/texmf-dist/tex/context/base/mkii/supp-pdf.mkii
[Loading MPS to PDF converter (version 2006.09.02).]
\scratchcounter=\count479
\scratchdimen=\dimen310
\scratchbox=\box83
\nofMPsegments=\count480
\nofMParguments=\count481
\everyMPshowfont=\toks60
\MPscratchCnt=\count482
\MPscratchDim=\dimen311
\MPnumerator=\count483
\makeMPintoPDFobject=\count484
\everyMPtoPDFconversion=\toks61
) (/usr/share/texlive/texmf-dist/tex/latex/epstopdf-pkg/epstopdf-base.sty
Package: epstopdf-base 2020-01-24 v2.11 Base part for package epstopdf

(/usr/share/texlive/texmf-dist/tex/latex/grfext/grfext.sty
Package: grfext 2019/12/03 v1.3 Manage graphics extensions (HO)
)
Package epstopdf-base Info: Redefining graphics rule for `.eps' on input line 4
85.
Package grfext Info: Graphics extension search list:
(grfext)             [.pdf,.png,.jpg,.mps,.jpeg,.jbig2,.jb2,.PDF,.PNG,.JPG,.JPE
G,.JBIG2,.JB2,.eps]
(grfext)             \AppendGraphicsExtensions on input line 504.

(/usr/share/texlive/texmf-dist/tex/latex/latexconfig/epstopdf-sys.cfg
File: epstopdf-sys.cfg 2010/07/13 v1.3 Configuration of (r)epstopdf for TeX Liv
e
))
Package caption Info: Begin \AtBeginDocument code.
Package caption Info: subfig package v1.3 is loaded.
Package caption Info: float package is loaded.
Package caption Info: hyperref package is loaded.
Package caption Info: longtable package is loaded.

(/usr/share/texlive/texmf-dist/tex/latex/caption/ltcaption.sty
Package: ltcaption 2021/01/08 v1.4c longtable captions (AR)
)
Package caption Info: rotating package is loaded.
Package caption Info: End \AtBeginDocument code.
Package hyperref Info: Link coloring OFF on input line 48.

(/home/jander/documentos/ppc_ec_cc_ufscar/enc/ppc_enc.out)
(/home/jander/documentos/ppc_ec_cc_ufscar/enc/ppc_enc.out)
\@outlinefile=\write5
\openout5 = `ppc_enc.out'.



Package todonotes Warning: The length marginparwidth is less than 2cm and will 
most likely cause issues with the appearance of inserted todonotes. The issue c
an be solved by adding a line like \setlength {\marginparwidth }{2cm} prior to 
loading the todonotes package. on input line 48.

Package biblatex Info: Trying to load language 'portuguese' -> 'portuguese-abnt
'...
Package biblatex Info: ... file 'portuguese-abnt.lbx' found.
(/usr/share/texlive/texmf-dist/tex/latex/biblatex-abnt/portuguese-abnt.lbx
File: portuguese-abnt.lbx 2018-11-17 v3.4 ABNT BibLaTeX citation style


Package biblatex Warning: File 'brazilian-abnt-abnt.lbx' not found!
(biblatex)                Ignoring mapping 'brazilian-abnt' -> 'brazilian-abnt-
abnt'.

Package biblatex Info: Trying to load language 'brazilian-abnt'...
Package biblatex Info: ... file 'brazilian-abnt.lbx' found.
(/usr/share/texlive/texmf-dist/tex/latex/biblatex-abnt/brazilian-abnt.lbx
File: brazilian-abnt.lbx 2018-11-17 v3.4 ABNT BibLaTeX citation style
Package biblatex Info: Trying to load language 'brazilian' -> 'brazilian-abnt'.
..
Package biblatex Info: ... file 'brazilian-abnt.lbx' found.

(/usr/share/texlive/texmf-dist/tex/latex/biblatex-abnt/brazilian-abnt.lbx
File: brazilian-abnt.lbx 2018-11-17 v3.4 ABNT BibLaTeX citation style
Package biblatex Info: Trying to load language 'brazilian'...
Package biblatex Info: ... file 'brazilian.lbx' found.

(/usr/share/texlive/texmf-dist/tex/latex/biblatex/lbx/brazilian.lbx
File: brazilian.lbx 2022/07/12 v3.18b biblatex localization (PK/MW)
)))
Package biblatex Info: Trying to load language 'brazilian-abnt'...
Package biblatex Info: ... file 'brazilian-abnt.lbx' found.

(/usr/share/texlive/texmf-dist/tex/latex/biblatex-abnt/brazilian-abnt.lbx
File: brazilian-abnt.lbx 2018-11-17 v3.4 ABNT BibLaTeX citation style
Package biblatex Info: Trying to load language 'brazilian' -> 'brazilian-abnt'.
..
Package biblatex Info: ... file 'brazilian-abnt.lbx' found.

(/usr/share/texlive/texmf-dist/tex/latex/biblatex-abnt/brazilian-abnt.lbx
File: brazilian-abnt.lbx 2018-11-17 v3.4 ABNT BibLaTeX citation style
Package biblatex Info: Trying to load language 'brazilian'...
Package biblatex Info: ... file 'brazilian.lbx' found.

(/usr/share/texlive/texmf-dist/tex/latex/biblatex/lbx/brazilian.lbx
File: brazilian.lbx 2022/07/12 v3.18b biblatex localization (PK/MW)
)
Package biblatex Info: Trying to load language 'brazil' -> 'brazil-abnt'...
Package biblatex Info: ... file 'brazil-abnt.lbx' found.

(/usr/share/texlive/texmf-dist/tex/latex/biblatex-abnt/brazil-abnt.lbx
File: brazil-abnt.lbx 2018-11-17 v3.4 ABNT BibLaTeX citation style
Package biblatex Info: Trying to load language 'brazilian-abnt'...
Package biblatex Info: ... file 'brazilian-abnt.lbx' found.

(/usr/share/texlive/texmf-dist/tex/latex/biblatex-abnt/brazilian-abnt.lbx
File: brazilian-abnt.lbx 2018-11-17 v3.4 ABNT BibLaTeX citation style
Package biblatex Info: Trying to load language 'brazilian'...
Package biblatex Info: ... file 'brazilian.lbx' found.

(/usr/share/texlive/texmf-dist/tex/latex/biblatex/lbx/brazilian.lbx
File: brazilian.lbx 2022/07/12 v3.18b biblatex localization (PK/MW)
)
Package biblatex Info: Trying to load language 'brazil'...
Package biblatex Info: ... file 'brazil.lbx' found.

(/usr/share/texlive/texmf-dist/tex/latex/biblatex/lbx/brazil.lbx
File: brazil.lbx 2022/07/12 v3.18b biblatex localization (PK/MW)
Package biblatex Info: Trying to load language 'brazilian'...
Package biblatex Info: ... file 'brazilian.lbx' found.

(/usr/share/texlive/texmf-dist/tex/latex/biblatex/lbx/brazilian.lbx
File: brazilian.lbx 2022/07/12 v3.18b biblatex localization (PK/MW)
)))))
Package biblatex Info: Trying to load language 'brazil' -> 'brazil-abnt'...
Package biblatex Info: ... file 'brazil-abnt.lbx' found.

(/usr/share/texlive/texmf-dist/tex/latex/biblatex-abnt/brazil-abnt.lbx
File: brazil-abnt.lbx 2018-11-17 v3.4 ABNT BibLaTeX citation style
Package biblatex Info: Trying to load language 'brazilian-abnt'...
Package biblatex Info: ... file 'brazilian-abnt.lbx' found.

(/usr/share/texlive/texmf-dist/tex/latex/biblatex-abnt/brazilian-abnt.lbx
File: brazilian-abnt.lbx 2018-11-17 v3.4 ABNT BibLaTeX citation style
Package biblatex Info: Trying to load language 'brazilian' -> 'brazilian-abnt'.
..
Package biblatex Info: ... file 'brazilian-abnt.lbx' found.

(/usr/share/texlive/texmf-dist/tex/latex/biblatex-abnt/brazilian-abnt.lbx
File: brazilian-abnt.lbx 2018-11-17 v3.4 ABNT BibLaTeX citation style
Package biblatex Info: Trying to load language 'brazilian'...
Package biblatex Info: ... file 'brazilian.lbx' found.

(/usr/share/texlive/texmf-dist/tex/latex/biblatex/lbx/brazilian.lbx
File: brazilian.lbx 2022/07/12 v3.18b biblatex localization (PK/MW)
)
Package biblatex Info: Trying to load language 'brazil'...
Package biblatex Info: ... file 'brazil.lbx' found.

(/usr/share/texlive/texmf-dist/tex/latex/biblatex/lbx/brazil.lbx
File: brazil.lbx 2022/07/12 v3.18b biblatex localization (PK/MW)
Package biblatex Info: Trying to load language 'brazilian'...
Package biblatex Info: ... file 'brazilian.lbx' found.

(/usr/share/texlive/texmf-dist/tex/latex/biblatex/lbx/brazilian.lbx
File: brazilian.lbx 2022/07/12 v3.18b biblatex localization (PK/MW)
)))
Package biblatex Info: Trying to load language 'brazil'...
Package biblatex Info: ... file 'brazil.lbx' found.

(/usr/share/texlive/texmf-dist/tex/latex/biblatex/lbx/brazil.lbx
File: brazil.lbx 2022/07/12 v3.18b biblatex localization (PK/MW)
Package biblatex Info: Trying to load language 'brazilian' -> 'brazilian-abnt'.
..
Package biblatex Info: ... file 'brazilian-abnt.lbx' found.

(/usr/share/texlive/texmf-dist/tex/latex/biblatex-abnt/brazilian-abnt.lbx
File: brazilian-abnt.lbx 2018-11-17 v3.4 ABNT BibLaTeX citation style
Package biblatex Info: Trying to load language 'brazilian'...
Package biblatex Info: ... file 'brazilian.lbx' found.

(/usr/share/texlive/texmf-dist/tex/latex/biblatex/lbx/brazilian.lbx
File: brazilian.lbx 2022/07/12 v3.18b biblatex localization (PK/MW)
)
Package biblatex Info: Trying to load language 'brazil'...
Package biblatex Info: ... file 'brazil.lbx' found.

(/usr/share/texlive/texmf-dist/tex/latex/biblatex/lbx/brazil.lbx
File: brazil.lbx 2022/07/12 v3.18b biblatex localization (PK/MW)
Package biblatex Info: Trying to load language 'brazilian'...
Package biblatex Info: ... file 'brazilian.lbx' found.

(/usr/share/texlive/texmf-dist/tex/latex/biblatex/lbx/brazilian.lbx
File: brazilian.lbx 2022/07/12 v3.18b biblatex localization (PK/MW)
))))))))
Package biblatex Info: Input encoding 'utf8' detected.
Package biblatex Info: Automatic encoding selection.
(biblatex)             Assuming data encoding 'utf8'.
\openout4 = `ppc_enc.bcf'.

Package biblatex Info: Trying to load bibliographic data...
Package biblatex Info: ... file 'ppc_enc.bbl' found.

(/home/jander/documentos/ppc_ec_cc_ufscar/enc/ppc_enc.bbl

Package biblatex Warning: Biber reported the following issues
(biblatex)                with 'CE2016':
(biblatex)                - Entry 'CE2016' (/home/jander/documentos/ppc_ec_cc_u
fscar/enc/ppc_enc.bib): Invalid format '13/3/2023' of date field 'urldate' - ig
noring.


Package biblatex Warning: Biber reported the following issues
(biblatex)                with 'CC2020':
(biblatex)                - Entry 'CC2020' (/home/jander/documentos/ppc_ec_cc_u
fscar/enc/ppc_enc.bib): Invalid format '13/5/2023' of date field 'urldate' - ig
noring.


Package biblatex Warning: Biber reported the following issues
(biblatex)                with 'ARM2013':
(biblatex)                - Entry 'ARM2013' (/home/jander/documentos/ppc_ec_cc_
ufscar/enc/ppc_enc.bib): Invalid format '29/06/2018' of date field 'urldate' - 
ignoring.


Package biblatex Warning: Biber reported the following issues
(biblatex)                with 'CPA':
(biblatex)                - Entry 'CPA' (/home/jander/documentos/ppc_ec_cc_ufsc
ar/enc/ppc_enc.bib): Invalid format '29/06/2018' of date field 'urldate' - igno
ring.

)
Package biblatex Info: Reference section=0 on input line 48.
Package biblatex Info: Reference segment=0 on input line 48.
 [1

{/var/lib/texmf/fonts/map/pdftex/updmap/pdftex.map}]
pdfTeX warning (ext4): destination with the same identifier (name{page.1}) has 
been already used, duplicate ignored
<to be read again> 
                   \relax 
l.144 \clearpage
                 [1

] (./capitulos/ec_dados_identificacao.tex) [2


]
(/home/jander/documentos/ppc_ec_cc_ufscar/enc/ppc_enc.toc [3

])
\tf@toc=\write6
\openout6 = `ppc_enc.toc'.

 [4]
(/home/jander/documentos/ppc_ec_cc_ufscar/enc/ppc_enc.lof)
\tf@lof=\write7
\openout7 = `ppc_enc.lof'.

 [5

]
(/home/jander/documentos/ppc_ec_cc_ufscar/enc/ppc_enc.lot)
\tf@lot=\write8
\openout8 = `ppc_enc.lot'.

 [6

]
Cap\'{\i }tulo 1.
(./capitulos/ec_introducao.tex [7

]) [8]
Cap\'{\i }tulo 2.
(./capitulos/ec_marco_referencial.tex [9

]
<enc/imagens/CompEras.pdf, id=349, 811.68417pt x 433.48427pt>
File: enc/imagens/CompEras.pdf Graphic file (type pdf)
<use enc/imagens/CompEras.pdf>
Package pdftex.def Info: enc/imagens/CompEras.pdf  used on input line 22.
(pdftex.def)             Requested size: 452.9679pt x 241.9161pt.
 [10 <.././enc/imagens/CompEras.pdf>]
[11] [12] [13]) [14]
Cap\'{\i }tulo 3.
(./capitulos/ec_marco_conceitual.tex [15

] [16] [17] [18] [19] [20] [21]
[22] [23] [24] [25] [26]) [27]
Cap\'{\i }tulo 4.
(./capitulos/ec_marco_estrutural.tex
<enc/imagens/Perfil.pdf, id=538, 780.9175pt x 692.5875pt>
File: enc/imagens/Perfil.pdf Graphic file (type pdf)
<use enc/imagens/Perfil.pdf>
Package pdftex.def Info: enc/imagens/Perfil.pdf  used on input line 33.
(pdftex.def)             Requested size: 452.9679pt x 401.73273pt.
 [28

] [29 <.././enc/imagens/Perfil.pdf>]

LaTeX Warning: Reference `cha:tcc' on page 30 undefined on input line 48.

[30] [31] [32] [33] [34] [35] [36] [37] [38] [39] [40]
<imagens/Grade_eixos.pdf, id=688, 742.89417pt x 426.22641pt>
File: imagens/Grade_eixos.pdf Graphic file (type pdf)
<use imagens/Grade_eixos.pdf>
Package pdftex.def Info: imagens/Grade_eixos.pdf  used on input line 564.
(pdftex.def)             Requested size: 668.59857pt x 383.60022pt.

Overfull \hbox (1.28117pt too wide) in paragraph at lines 578--591
 [][] 
 []

[41

 </home/jander/documentos/ppc_ec_cc_ufscar/enc/imagens/Grade_eixos.pdf, page is
 rotated 90 degrees>]
Overfull \hbox (1.28117pt too wide) in paragraph at lines 601--616
 [][] 
 []


Overfull \hbox (1.28117pt too wide) in paragraph at lines 626--641
 [][] 
 []

[42]
Overfull \hbox (1.28117pt too wide) in paragraph at lines 651--666
 [][] 
 []


Overfull \hbox (1.28117pt too wide) in paragraph at lines 676--689
 [][] 
 []

[43]
Overfull \hbox (1.28117pt too wide) in paragraph at lines 699--713
 [][] 
 []


Overfull \hbox (1.28117pt too wide) in paragraph at lines 723--738
 [][] 
 []

[44]
Overfull \hbox (1.28117pt too wide) in paragraph at lines 748--762
 [][] 
 []


Overfull \hbox (1.28117pt too wide) in paragraph at lines 772--783
 [][] 
 []

[45]
Overfull \hbox (3.62549pt too wide) in paragraph at lines 793--803
 [][] 
 []


Underfull \hbox (badness 10000) in paragraph at lines 837--837
[]|\T1/cmr/m/n/10.95 (+20) Prototipao de Sis-te-mas Di-gi-
 []

[46] [47] [48] [49] (.././shared/1/1calculo1.tex) (.././shared/1/1ga.tex)
(.././shared/4/4cap.tex) (.././shared/4/4ipa.tex) (.././shared/5/5ld.tex)
LaTeX Font Info:    Trying to load font information for T1+cmtt on input line 9
19.

(/usr/share/texlive/texmf-dist/tex/latex/base/t1cmtt.fd
File: t1cmtt.fd 2022/07/10 v2.5l Standard LaTeX font definitions
)
Package microtype Info: Loading generic protrusion settings for font family
(microtype)             `cmtt' (encoding: T1).
(microtype)             For optimal results, create family-specific settings.
(microtype)             See the microtype manual for details.
 [50

] [51] [52

]
[53] [54

] [55] [56

] [57] [58

] [59] (.././shared/1/1calculo2.tex)
(.././shared/1/1algelin.tex) (.././shared/2/2fisica1.tex)
(.././shared/2/2fisexpa.tex) (.././shared/4/4aed1.tex) (.././shared/4/4poo.tex)
(.././shared/5/5sd.tex) [60

] [61] [62

] [63] [64

] [65] [66

] [67] [68

] [69]
[70

] [71] [72

] [73] (.././shared/1/1calculo3.tex) (.././shared/1/1sereqdif.tex) (.././shared
/2/2fisica3.tex) (.././shared/2/2fisexpb.tex)
(.././shared/4/4aed2.tex) (.././shared/5/5arq1.tex) (.././shared/8/8sem1.tex)
[74

] [75] [76

] [77] [78

] [79] [80

] [81] [82

] [83] [84

] [85] [86

] [87] [88]
(.././shared/1/1probest.tex) (.././shared/1/1calnum.tex)
(.././shared/3/3circeletricos.tex) (.././shared/4/4paa.tex)
(.././shared/5/5arq2.tex) (.././shared/6/6es1.tex) (.././shared/7/7sistdin.tex)
[89

] [90] [91

] [92] [93

] [94] [95

] [96] [97

] [98

] [99] [100

] [101]
(.././shared/3/3circeletronicos1.tex) (.././shared/4/4ori.tex)
(.././shared/6/6so.tex) (.././shared/7/7controle1.tex) (.././shared/7/7psd.tex)
[102

] [103] [104

] [105] [106

] [107] [108

] [109] [110

] [111]
(.././shared/3/3circeletronicos2.tex) (.././shared/6/6ia.tex)
(.././shared/6/6bd.tex) (.././shared/7/7controle2.tex)
(.././shared/7/7engsis.tex) [112

] [113] [114

] [115] [116

] [117] [118

] [119]
[120

] [121] (.././shared/5/5arqad.tex) (.././shared/7/7sistdist.tex)
(.././shared/6/6rc.tex) (.././shared/7/7teccom.tex)
(.././shared/7/7projsisemb.tex) [122

] [123] [124

] [125] [126

] [127] [128

]
[129] [130

] [131] (.././shared/4/4ppd.tex) (.././shared/6/6ihc.tex)
(.././shared/7/7om.tex) (.././shared/8/8metcient.tex) (.././shared/8/8sem2.tex)
(.././shared/8/8ProjCLP.tex) [132

] [133] [134

] [135] [136

] [137] [138

] [139]
[140

] [141] [142] [143

] [144] (.././shared/8/8tcc.tex) [145

] [146]
(.././shared/8/8estagio-ec.tex) [147

] [148] [149

] [150] (.././shared/6/6am1.tex) (.././shared/6/6am2.tex) (.././shared/6/6asp.t
ex) (.././shared/6/6bdcd.tex)
(.././shared/6/6cg.tex) (.././shared/6/6compiladores.tex)
(.././shared/9/9controle.tex) (.././shared/4/4dw1.tex) (.././shared/4/4dw2.tex)
(.././shared/4/4dm.tex) (.././shared/6/6devops.tex)
(.././shared/9/9empreend.tex) (.././shared/6/6es2.tex)
(.././shared/9/9musical.tex) (.././shared/9/9libras.tex)
(.././shared/9/9robosautonomos.tex) (.././shared/6/6lm.tex)
(.././shared/9/9robotica.tex) (.././shared/6/6md.tex) (.././shared/4/4plp.tex)
(.././shared/6/6pde.tex) (.././shared/6/6pdi.tex) (.././shared/6/6pdi3dv.tex)
(.././shared/6/6pvd.tex) (.././shared/4/4pooa.tex) (.././shared/9/9pmac.tex)
(.././shared/6/6pibd.tex) (.././shared/9/9protsisdigan.tex)
(.././shared/9/9sc.tex) (.././shared/9/9siai.tex) (.././shared/6/6tc.tex)
[151

] [152] [153

] [154] [155

] [156] [157

] [158] [159

] [160

] [161] [162

]
[163] [164

] [165] [166

] [167] [168

] [169] [170

] [171] [172

] [173] [174

]
[175] [176

] [177] [178

] [179] [180] [181

] [182] [183

] [184] [185

] [186]
[187

] [188] [189

] [190] [191

]
Underfull \hbox (badness 6047) in paragraph at lines 1175--1175
[]\T1/cmr/m/n/10.95 (+20) R. Sze-liski, ^^PCom-pu-ter Vi-sion: Al-go-rithms and
 Ap-pli-ca-ti-ons^^Q, Sprin-ger, 2010
 []

[192

] [193] [194

] [195] [196

] [197] [198

] [199] [200

] [201] [202

] [203]
[204

] [205] [206

] [207] [208

] [209] [210

] (.././shared/9/9vc.tex)
Underfull \hbox (badness 5133) in paragraph at lines 1196--1196
[]|\T1/cmr/m/n/10.95 (+20) R. Sze-liski, "Com-pu-ter Vi-sion: Al-go-rithms and 
Ap-pli-ca-ti-ons", Sprin-ger, 2010
 []

[211

] [212] [213

]) [214]
Cap\'{\i }tulo 5.
(./capitulos/ec_plano_implantacao.tex [215

]

LaTeX Warning: `!h' float specifier changed to `!ht'.


LaTeX Warning: `!h' float specifier changed to `!ht'.

[216] [217] [218]) (./capitulos/ec_capitulos_comentados.tex) [219] [220


]
Ap\^endice A.
(./anexos/competencias.tex
Overfull \hbox (344.84735pt too wide) in paragraph at lines 30--30
[]|[]|  
 []


Underfull \hbox (badness 10000) in paragraph at lines 30--30
[] \T1/cmtt/m/n/10.95 CE_Ap_1\T1/cmr/m/n/10.95 (+20) : Atu-a-o na co-leta e a
n-lise de da-dos di-re-ta-mente
 []


Underfull \hbox (badness 10000) in paragraph at lines 30--30
\T1/cmr/m/n/10.95 (+20) a par-tir de ex-pe-ri-men-tos ou si-tu-a-es re-ais (p
or exem-plo,
 []


Underfull \hbox (badness 10000) in paragraph at lines 30--30
[] \T1/cmtt/m/n/10.95 CE_Ap_2\T1/cmr/m/n/10.95 (+20) : Atu-a-o com an-li-ses
 de da-dos pre-vi-a-mente re-
 []


Underfull \hbox (badness 10000) in paragraph at lines 30--30
\T1/cmr/m/n/10.95 (+20) a-li-za-das, como as pre-sen-tes em re-la-t-rios, ar-t
i-gos, li-vros,
 []


Underfull \hbox (badness 10000) in paragraph at lines 30--30
\T1/cmr/m/n/10.95 (+20) ar-qui-vos, jor-nais, da-tashe-ets etc. (con-sulta e an
-lise desse
 []


Underfull \hbox (badness 10000) in paragraph at lines 30--30
\T1/cmr/m/n/10.95 (+20) fon-tes, con-si-de-rando ori-gem con-fi-vel, ri-go-ros
a, re-le-vante,
 []


Underfull \hbox (badness 10000) in paragraph at lines 30--30
[] \T1/cmtt/m/n/10.95 CE_Ap_4\T1/cmr/m/n/10.95 (+20) : Ca-pa-ci-dade de ad-qui-
rir no-vos co-nhe-ci-men-tos a
 []


Underfull \hbox (badness 10000) in paragraph at lines 30--30
\T1/cmr/m/n/10.95 (+20) par-tir da pr-tica ou de fon-tes de in-for-ma-o e ap
li-ca-o dos
 []


Underfull \hbox (badness 10000) in paragraph at lines 30--30
\T1/cmr/m/n/10.95 (+20) co-nhe-ci-men-tos na pr-tica (tra-ba-lhada, por exem-p
lo, por
 []

[221

]
Overfull \hbox (344.84735pt too wide) in paragraph at lines 30--30
[]|[]|  
 []


Underfull \hbox (badness 10000) in paragraph at lines 30--30
[] \T1/cmtt/m/n/10.95 CE_Pro_2\T1/cmr/m/n/10.95 (+20) : Pla-ne-jar pro-ce-di-me
n-tos ade-qua-dos para re-sol-ver
 []


Underfull \hbox (badness 10000) in paragraph at lines 30--30
[] \T1/cmtt/m/n/10.95 CE_Pro_3\T1/cmr/m/n/10.95 (+20) : Ava-liar os pos-s-veis
 im-pac-tos (po-ten-cial ou real)
 []


Underfull \hbox (badness 10000) in paragraph at lines 30--30
\T1/cmr/m/n/10.95 (+20) das pro-pos-tas ela-bo-ra-das, con-si-de-rando as-pec-t
os tcnico-
 []


Overfull \hbox (344.84735pt too wide) in paragraph at lines 30--30
[]|[]|  
 []


Underfull \hbox (badness 10000) in paragraph at lines 30--30
[] \T1/cmtt/m/n/10.95 CE_Emp_1\T1/cmr/m/n/10.95 (+20) : Iden-ti-fi-car pro-ble-
mas re-le-van-tes que re-quei-ram
 []


Underfull \hbox (badness 10000) in paragraph at lines 30--30
[] \T1/cmtt/m/n/10.95 CE_Emp_2\T1/cmr/m/n/10.95 (+20) : Pro-por so-lu-es ino-
va-do-ras para os pro-ble-mas
 []


Underfull \hbox (badness 10000) in paragraph at lines 30--30
[] \T1/cmtt/m/n/10.95 CE_Emp_3\T1/cmr/m/n/10.95 (+12) : Iden-ti-fi-car no-vas 
reas e pro-ble-mas que es-ten-dam
 []


Underfull \hbox (badness 10000) in paragraph at lines 30--30
\T1/cmr/m/n/10.95 (+20) a ca-pa-ci-dade de atu-a-o pro-fis-si-o-nal (no-vas 
reas nas quais
 []


Underfull \hbox (badness 10000) in paragraph at lines 30--30
[] \T1/cmtt/m/n/10.95 CE_Emp_5\T1/cmr/m/n/10.95 (+20) : Comprometer-se com os r
e-sul-ta-dos da atu-a-o
 []


Underfull \hbox (badness 10000) in paragraph at lines 30--30
\T1/cmr/m/n/10.95 (+20) pro-fis-si-o-nal, agindo ati-va-mente no exer-c-cio pr
o-fis-si-o-nal,
 []


Underfull \hbox (badness 10000) in paragraph at lines 30--30
\T1/cmr/m/n/10.95 (+20) sendo um pro-ta-go-nista frente  so-ci-e-dade e as-su-
mindo a
 []

[222]
Overfull \hbox (344.84735pt too wide) in paragraph at lines 30--30
[]|[]|  
 []


Underfull \hbox (badness 10000) in paragraph at lines 30--30
[] \T1/cmtt/m/n/10.95 CE_Atuar_1\T1/cmr/m/n/10.95 (+20) : Do-mi-nar co-nhe-ci-m
en-tos e ha-bi-li-da-des es-pe-c-fi-
 []


Underfull \hbox (badness 10000) in paragraph at lines 30--30
[] \T1/cmtt/m/n/10.95 CE_Atuar_2\T1/cmr/m/n/10.95 (+20) : Do-mi-nar co-nhe-ci-m
en-tos e ha-bi-li-da-des ge-rais e
 []


Underfull \hbox (badness 10000) in paragraph at lines 30--30
\T1/cmr/m/n/10.95 (+20) b-si-cas de ou-tras reas da com-pu-ta-o (ob-ter co-
nhe-ci-mento
 []


Underfull \hbox (badness 10000) in paragraph at lines 30--30
\T1/cmr/m/n/10.95 (+20) de ou-tra rea da com-pu-ta-o para apli-ca-o do con
-tedo da
 []


Underfull \hbox (badness 10000) in paragraph at lines 30--30
[] \T1/cmtt/m/n/10.95 CE_Atuar_3\T1/cmr/m/n/10.95 (+20) : Re-la-ci-o-nar co-nhe
-ci-men-tos e ha-bi-li-da-des de
 []


Underfull \hbox (badness 10000) in paragraph at lines 30--30
\T1/cmr/m/n/10.95 (+20) se si-tua em re-la-o a ou-tras dis-ci-pli-nas ou ou-t
ras reas da
 []


Underfull \hbox (badness 10000) in paragraph at lines 30--30
[] \T1/cmtt/m/n/10.95 CE_Atuar_4\T1/cmr/m/n/10.95 (+20) : Ex-tra-po-lar co-nhe-
ci-men-tos e ha-bi-li-da-des para
 []


Underfull \hbox (badness 10000) in paragraph at lines 30--30
\T1/cmr/m/n/10.95 di-fe-ren-tes si-tu-a-es den-tro de seu campo de atu-a-o 
pro-fis-si-o-
 []


Underfull \hbox (badness 10000) in paragraph at lines 30--30
[] \T1/cmtt/m/n/10.95 CE_Atuar_5\T1/cmr/m/n/10.95 (+20) : Tra-ba-lhar em equi-p
es mul-ti-dis-ci-pli-na-res (ati-vi-
 []


Overfull \hbox (344.84735pt too wide) in paragraph at lines 30--30
[]|[]|  
 []


Underfull \hbox (badness 10000) in paragraph at lines 30--30
[] \T1/cmtt/m/n/10.95 CE_Compr_1\T1/cmr/m/n/10.95 (+20) : Com-pre-en-der as re-
la-es ho-mem, am-bi-ente,
 []


Underfull \hbox (badness 10000) in paragraph at lines 30--30
[] \T1/cmtt/m/n/10.95 CE_Compr_3\T1/cmr/m/n/10.95 (+20) : Pro-por ou im-ple-men
-tar so-lu-es para es-ses
 []

[223]
Overfull \hbox (344.84735pt too wide) in paragraph at lines 30--30
[]|[]|  
 []


Underfull \hbox (badness 10000) in paragraph at lines 30--30
[] \T1/cmtt/m/n/10.95 CE_Ger_1\T1/cmr/m/n/10.95 (+20) : Do-mi-nar ha-bi-li-da-d
es b-si-cas de co-mu-ni-ca-o,
 []


Underfull \hbox (badness 10000) in paragraph at lines 30--30
[] \T1/cmtt/m/n/10.95 CE_Ger_2\T1/cmr/m/n/10.95 (+20) : Co-nhe-cer os pro-ces-s
os en-vol-vi-dos nas re-la-es
 []


Overfull \hbox (344.84735pt too wide) in paragraph at lines 30--30
[]|[]|  
 []


Underfull \hbox (badness 10000) in paragraph at lines 30--30
[] \T1/cmtt/m/n/10.95 CE_Paut_2\T1/cmr/m/n/10.95 (+20) : Co-nhe-cer e res-pei-t
ar os di-rei-tos in-di-vi-du-ais e
 []


Underfull \hbox (badness 10000) in paragraph at lines 30--30
[] \T1/cmtt/m/n/10.95 CE_Paut_3\T1/cmr/m/n/10.95 (+20) : Res-pei-tar as di-fe-r
en-as cul-tu-rais, po-l-ti-cas e
 []


Underfull \hbox (badness 10000) in paragraph at lines 30--30
[] \T1/cmtt/m/n/10.95 CE_Paut_5\T1/cmr/m/n/10.95 (+12) : Co-nhe-cer, res-pei-ta
r e con-tri-buir para a pre-ser-va-
 []


Overfull \hbox (344.84735pt too wide) in paragraph at lines 30--30
[]|[]|  
 []


Underfull \hbox (badness 10000) in paragraph at lines 30--30
[] \T1/cmtt/m/n/10.95 CE_Busc_2\T1/cmr/m/n/10.95 (+20) : Preparar-se para agir 
em si-tu-a-es es-tres-san-tes,
 []


Underfull \hbox (badness 10000) in paragraph at lines 30--30
[] \T1/cmtt/m/n/10.95 CE_Busc_3\T1/cmr/m/n/10.95 (+20) : To-mar de-ci-ses e de
-sen-ca-dear aes, con-si-
 []


Underfull \hbox (badness 10000) in paragraph at lines 30--30
\T1/cmr/m/n/10.95 (+20) de-rando si-mul-ta-ne-a-mente po-ten-ci-a-li-da-des e l
i-mi-tes dos
 []


Underfull \hbox (badness 10000) in paragraph at lines 30--30
[] \T1/cmtt/m/n/10.95 CE_Busc_4\T1/cmr/m/n/10.95 (+20) : Pro-mo-ver e apro-fun-
dar gra-du-al-mente o co-nhe-ci-
 []

[224]) [225]
Ap\^endice B.
(./anexos/extensao.tex [226

] [227] [228]

pdfTeX warning: pdflatex (file .././enc/imagens/ODS-ONU.pdf): PDF inclusion: fo
und PDF version <1.6>, but at most version <1.5> allowed
<enc/imagens/ODS-ONU.pdf, id=1535, 2055.68pt x 937.5025pt>
File: enc/imagens/ODS-ONU.pdf Graphic file (type pdf)
<use enc/imagens/ODS-ONU.pdf>
Package pdftex.def Info: enc/imagens/ODS-ONU.pdf  used on input line 350.
(pdftex.def)             Requested size: 452.9679pt x 206.5659pt.
[229 <.././enc/imagens/ODS-ONU.pdf>]) [230]
Ap\^endice C.
<anexos/ativcompl.pdf, id=1547, 614.295pt x 794.97pt>
File: anexos/ativcompl.pdf Graphic file (type pdf)
<use anexos/ativcompl.pdf>
Package pdftex.def Info: anexos/ativcompl.pdf  used on input line 213.
(pdftex.def)             Requested size: 614.29349pt x 794.96806pt.
File: anexos/ativcompl.pdf Graphic file (type pdf)
<use anexos/ativcompl.pdf>
Package pdftex.def Info: anexos/ativcompl.pdf  used on input line 213.
(pdftex.def)             Requested size: 614.29349pt x 794.96806pt.
<anexos/ativcompl.pdf, id=1550, page=1, 614.295pt x 794.97pt>
File: anexos/ativcompl.pdf Graphic file (type pdf)
<use anexos/ativcompl.pdf, page 1>
Package pdftex.def Info: anexos/ativcompl.pdf , page1 used on input line 213.
(pdftex.def)             Requested size: 614.29349pt x 794.96806pt.
File: anexos/ativcompl.pdf Graphic file (type pdf)
<use anexos/ativcompl.pdf, page 1>
Package pdftex.def Info: anexos/ativcompl.pdf , page1 used on input line 213.
(pdftex.def)             Requested size: 597.78697pt x 773.60669pt.
[231

]
File: anexos/ativcompl.pdf Graphic file (type pdf)
<use anexos/ativcompl.pdf, page 1>
Package pdftex.def Info: anexos/ativcompl.pdf , page1 used on input line 213.
(pdftex.def)             Requested size: 597.78697pt x 773.60669pt.
File: anexos/ativcompl.pdf Graphic file (type pdf)
<use anexos/ativcompl.pdf, page 1>
Package pdftex.def Info: anexos/ativcompl.pdf , page1 used on input line 213.
(pdftex.def)             Requested size: 597.78697pt x 773.60669pt.
File: anexos/ativcompl.pdf Graphic file (type pdf)
<use anexos/ativcompl.pdf, page 1>
Package pdftex.def Info: anexos/ativcompl.pdf , page1 used on input line 213.
(pdftex.def)             Requested size: 597.78697pt x 773.60669pt.
 [232 </home/jander/documentos/ppc_ec_cc_ufscar/enc/anexos/ativcompl.pdf>]
<anexos/ativcompl.pdf, id=1580, page=2, 614.295pt x 794.97pt>
File: anexos/ativcompl.pdf Graphic file (type pdf)
<use anexos/ativcompl.pdf, page 2>
Package pdftex.def Info: anexos/ativcompl.pdf , page2 used on input line 213.
(pdftex.def)             Requested size: 597.78697pt x 773.60669pt.
File: anexos/ativcompl.pdf Graphic file (type pdf)
<use anexos/ativcompl.pdf, page 2>
Package pdftex.def Info: anexos/ativcompl.pdf , page2 used on input line 213.
(pdftex.def)             Requested size: 597.78697pt x 773.60669pt.
File: anexos/ativcompl.pdf Graphic file (type pdf)
<use anexos/ativcompl.pdf, page 2>
Package pdftex.def Info: anexos/ativcompl.pdf , page2 used on input line 213.
(pdftex.def)             Requested size: 597.78697pt x 773.60669pt.
[233 </home/jander/documentos/ppc_ec_cc_ufscar/enc/anexos/ativcompl.pdf>]
<anexos/ativcompl.pdf, id=1590, page=3, 614.295pt x 794.97pt>
File: anexos/ativcompl.pdf Graphic file (type pdf)
<use anexos/ativcompl.pdf, page 3>
Package pdftex.def Info: anexos/ativcompl.pdf , page3 used on input line 213.
(pdftex.def)             Requested size: 597.78697pt x 773.60669pt.
File: anexos/ativcompl.pdf Graphic file (type pdf)
<use anexos/ativcompl.pdf, page 3>
Package pdftex.def Info: anexos/ativcompl.pdf , page3 used on input line 213.
(pdftex.def)             Requested size: 597.78697pt x 773.60669pt.
File: anexos/ativcompl.pdf Graphic file (type pdf)
<use anexos/ativcompl.pdf, page 3>
Package pdftex.def Info: anexos/ativcompl.pdf , page3 used on input line 213.
(pdftex.def)             Requested size: 597.78697pt x 773.60669pt.

[234 </home/jander/documentos/ppc_ec_cc_ufscar/enc/anexos/ativcompl.pdf>]
<anexos/ativcompl.pdf, id=1601, page=4, 614.295pt x 794.97pt>
File: anexos/ativcompl.pdf Graphic file (type pdf)
<use anexos/ativcompl.pdf, page 4>
Package pdftex.def Info: anexos/ativcompl.pdf , page4 used on input line 213.
(pdftex.def)             Requested size: 597.78697pt x 773.60669pt.
File: anexos/ativcompl.pdf Graphic file (type pdf)
<use anexos/ativcompl.pdf, page 4>
Package pdftex.def Info: anexos/ativcompl.pdf , page4 used on input line 213.
(pdftex.def)             Requested size: 597.78697pt x 773.60669pt.
File: anexos/ativcompl.pdf Graphic file (type pdf)
<use anexos/ativcompl.pdf, page 4>
Package pdftex.def Info: anexos/ativcompl.pdf , page4 used on input line 213.
(pdftex.def)             Requested size: 597.78697pt x 773.60669pt.

[235 </home/jander/documentos/ppc_ec_cc_ufscar/enc/anexos/ativcompl.pdf>]
<anexos/ativcompl.pdf, id=1606, page=5, 614.295pt x 794.97pt>
File: anexos/ativcompl.pdf Graphic file (type pdf)
<use anexos/ativcompl.pdf, page 5>
Package pdftex.def Info: anexos/ativcompl.pdf , page5 used on input line 213.
(pdftex.def)             Requested size: 597.78697pt x 773.60669pt.
File: anexos/ativcompl.pdf Graphic file (type pdf)
<use anexos/ativcompl.pdf, page 5>
Package pdftex.def Info: anexos/ativcompl.pdf , page5 used on input line 213.
(pdftex.def)             Requested size: 597.78697pt x 773.60669pt.
File: anexos/ativcompl.pdf Graphic file (type pdf)
<use anexos/ativcompl.pdf, page 5>
Package pdftex.def Info: anexos/ativcompl.pdf , page5 used on input line 213.
(pdftex.def)             Requested size: 597.78697pt x 773.60669pt.

[236 </home/jander/documentos/ppc_ec_cc_ufscar/enc/anexos/ativcompl.pdf>]
<anexos/ativcompl.pdf, id=1611, page=6, 614.295pt x 794.97pt>
File: anexos/ativcompl.pdf Graphic file (type pdf)
<use anexos/ativcompl.pdf, page 6>
Package pdftex.def Info: anexos/ativcompl.pdf , page6 used on input line 213.
(pdftex.def)             Requested size: 597.78697pt x 773.60669pt.
File: anexos/ativcompl.pdf Graphic file (type pdf)
<use anexos/ativcompl.pdf, page 6>
Package pdftex.def Info: anexos/ativcompl.pdf , page6 used on input line 213.
(pdftex.def)             Requested size: 597.78697pt x 773.60669pt.
File: anexos/ativcompl.pdf Graphic file (type pdf)
<use anexos/ativcompl.pdf, page 6>
Package pdftex.def Info: anexos/ativcompl.pdf , page6 used on input line 213.
(pdftex.def)             Requested size: 597.78697pt x 773.60669pt.

[237 </home/jander/documentos/ppc_ec_cc_ufscar/enc/anexos/ativcompl.pdf>]
<anexos/ativcompl.pdf, id=1616, page=7, 614.295pt x 794.97pt>
File: anexos/ativcompl.pdf Graphic file (type pdf)
<use anexos/ativcompl.pdf, page 7>
Package pdftex.def Info: anexos/ativcompl.pdf , page7 used on input line 213.
(pdftex.def)             Requested size: 597.78697pt x 773.60669pt.
File: anexos/ativcompl.pdf Graphic file (type pdf)
<use anexos/ativcompl.pdf, page 7>
Package pdftex.def Info: anexos/ativcompl.pdf , page7 used on input line 213.
(pdftex.def)             Requested size: 597.78697pt x 773.60669pt.
File: anexos/ativcompl.pdf Graphic file (type pdf)
<use anexos/ativcompl.pdf, page 7>
Package pdftex.def Info: anexos/ativcompl.pdf , page7 used on input line 213.
(pdftex.def)             Requested size: 597.78697pt x 773.60669pt.

[238 </home/jander/documentos/ppc_ec_cc_ufscar/enc/anexos/ativcompl.pdf>]
<anexos/ativcompl.pdf, id=1621, page=8, 614.295pt x 794.97pt>
File: anexos/ativcompl.pdf Graphic file (type pdf)
<use anexos/ativcompl.pdf, page 8>
Package pdftex.def Info: anexos/ativcompl.pdf , page8 used on input line 213.
(pdftex.def)             Requested size: 597.78697pt x 773.60669pt.
File: anexos/ativcompl.pdf Graphic file (type pdf)
<use anexos/ativcompl.pdf, page 8>
Package pdftex.def Info: anexos/ativcompl.pdf , page8 used on input line 213.
(pdftex.def)             Requested size: 597.78697pt x 773.60669pt.
File: anexos/ativcompl.pdf Graphic file (type pdf)
<use anexos/ativcompl.pdf, page 8>
Package pdftex.def Info: anexos/ativcompl.pdf , page8 used on input line 213.
(pdftex.def)             Requested size: 597.78697pt x 773.60669pt.

[239 </home/jander/documentos/ppc_ec_cc_ufscar/enc/anexos/ativcompl.pdf>]
<anexos/ativcompl.pdf, id=1626, page=9, 614.295pt x 794.97pt>
File: anexos/ativcompl.pdf Graphic file (type pdf)
<use anexos/ativcompl.pdf, page 9>
Package pdftex.def Info: anexos/ativcompl.pdf , page9 used on input line 213.
(pdftex.def)             Requested size: 597.78697pt x 773.60669pt.
File: anexos/ativcompl.pdf Graphic file (type pdf)
<use anexos/ativcompl.pdf, page 9>
Package pdftex.def Info: anexos/ativcompl.pdf , page9 used on input line 213.
(pdftex.def)             Requested size: 597.78697pt x 773.60669pt.
File: anexos/ativcompl.pdf Graphic file (type pdf)
<use anexos/ativcompl.pdf, page 9>
Package pdftex.def Info: anexos/ativcompl.pdf , page9 used on input line 213.
(pdftex.def)             Requested size: 597.78697pt x 773.60669pt.

[240 </home/jander/documentos/ppc_ec_cc_ufscar/enc/anexos/ativcompl.pdf>]
Ap\^endice D.
<anexos/estagio.pdf, id=1632, 614.295pt x 794.97pt>
File: anexos/estagio.pdf Graphic file (type pdf)
<use anexos/estagio.pdf>
Package pdftex.def Info: anexos/estagio.pdf  used on input line 216.
(pdftex.def)             Requested size: 614.29349pt x 794.96806pt.
File: anexos/estagio.pdf Graphic file (type pdf)
<use anexos/estagio.pdf>
Package pdftex.def Info: anexos/estagio.pdf  used on input line 216.
(pdftex.def)             Requested size: 614.29349pt x 794.96806pt.
<anexos/estagio.pdf, id=1635, page=1, 614.295pt x 794.97pt>
File: anexos/estagio.pdf Graphic file (type pdf)
<use anexos/estagio.pdf, page 1>
Package pdftex.def Info: anexos/estagio.pdf , page1 used on input line 216.
(pdftex.def)             Requested size: 614.29349pt x 794.96806pt.
File: anexos/estagio.pdf Graphic file (type pdf)
<use anexos/estagio.pdf, page 1>
Package pdftex.def Info: anexos/estagio.pdf , page1 used on input line 216.
(pdftex.def)             Requested size: 597.78697pt x 773.60669pt.
[241

]
File: anexos/estagio.pdf Graphic file (type pdf)
<use anexos/estagio.pdf, page 1>
Package pdftex.def Info: anexos/estagio.pdf , page1 used on input line 216.
(pdftex.def)             Requested size: 597.78697pt x 773.60669pt.
File: anexos/estagio.pdf Graphic file (type pdf)
<use anexos/estagio.pdf, page 1>
Package pdftex.def Info: anexos/estagio.pdf , page1 used on input line 216.
(pdftex.def)             Requested size: 597.78697pt x 773.60669pt.
File: anexos/estagio.pdf Graphic file (type pdf)
<use anexos/estagio.pdf, page 1>
Package pdftex.def Info: anexos/estagio.pdf , page1 used on input line 216.
(pdftex.def)             Requested size: 597.78697pt x 773.60669pt.
 [242 </home/jander/documentos/ppc_ec_cc_ufscar/enc/anexos/estagio.pdf>]
<anexos/estagio.pdf, id=1661, page=2, 614.295pt x 794.97pt>
File: anexos/estagio.pdf Graphic file (type pdf)
<use anexos/estagio.pdf, page 2>
Package pdftex.def Info: anexos/estagio.pdf , page2 used on input line 216.
(pdftex.def)             Requested size: 597.78697pt x 773.60669pt.
File: anexos/estagio.pdf Graphic file (type pdf)
<use anexos/estagio.pdf, page 2>
Package pdftex.def Info: anexos/estagio.pdf , page2 used on input line 216.
(pdftex.def)             Requested size: 597.78697pt x 773.60669pt.
File: anexos/estagio.pdf Graphic file (type pdf)
<use anexos/estagio.pdf, page 2>
Package pdftex.def Info: anexos/estagio.pdf , page2 used on input line 216.
(pdftex.def)             Requested size: 597.78697pt x 773.60669pt.

[243 </home/jander/documentos/ppc_ec_cc_ufscar/enc/anexos/estagio.pdf>]
<anexos/estagio.pdf, id=1666, page=3, 614.295pt x 794.97pt>
File: anexos/estagio.pdf Graphic file (type pdf)
<use anexos/estagio.pdf, page 3>
Package pdftex.def Info: anexos/estagio.pdf , page3 used on input line 216.
(pdftex.def)             Requested size: 597.78697pt x 773.60669pt.
File: anexos/estagio.pdf Graphic file (type pdf)
<use anexos/estagio.pdf, page 3>
Package pdftex.def Info: anexos/estagio.pdf , page3 used on input line 216.
(pdftex.def)             Requested size: 597.78697pt x 773.60669pt.
File: anexos/estagio.pdf Graphic file (type pdf)
<use anexos/estagio.pdf, page 3>
Package pdftex.def Info: anexos/estagio.pdf , page3 used on input line 216.
(pdftex.def)             Requested size: 597.78697pt x 773.60669pt.

[244 </home/jander/documentos/ppc_ec_cc_ufscar/enc/anexos/estagio.pdf>]
<anexos/estagio.pdf, id=1674, page=4, 614.295pt x 794.97pt>
File: anexos/estagio.pdf Graphic file (type pdf)
<use anexos/estagio.pdf, page 4>
Package pdftex.def Info: anexos/estagio.pdf , page4 used on input line 216.
(pdftex.def)             Requested size: 597.78697pt x 773.60669pt.
File: anexos/estagio.pdf Graphic file (type pdf)
<use anexos/estagio.pdf, page 4>
Package pdftex.def Info: anexos/estagio.pdf , page4 used on input line 216.
(pdftex.def)             Requested size: 597.78697pt x 773.60669pt.
File: anexos/estagio.pdf Graphic file (type pdf)
<use anexos/estagio.pdf, page 4>
Package pdftex.def Info: anexos/estagio.pdf , page4 used on input line 216.
(pdftex.def)             Requested size: 597.78697pt x 773.60669pt.

[245 </home/jander/documentos/ppc_ec_cc_ufscar/enc/anexos/estagio.pdf>]
<anexos/estagio.pdf, id=1679, page=5, 614.295pt x 794.97pt>
File: anexos/estagio.pdf Graphic file (type pdf)
<use anexos/estagio.pdf, page 5>
Package pdftex.def Info: anexos/estagio.pdf , page5 used on input line 216.
(pdftex.def)             Requested size: 597.78697pt x 773.60669pt.
File: anexos/estagio.pdf Graphic file (type pdf)
<use anexos/estagio.pdf, page 5>
Package pdftex.def Info: anexos/estagio.pdf , page5 used on input line 216.
(pdftex.def)             Requested size: 597.78697pt x 773.60669pt.
File: anexos/estagio.pdf Graphic file (type pdf)
<use anexos/estagio.pdf, page 5>
Package pdftex.def Info: anexos/estagio.pdf , page5 used on input line 216.
(pdftex.def)             Requested size: 597.78697pt x 773.60669pt.

[246 </home/jander/documentos/ppc_ec_cc_ufscar/enc/anexos/estagio.pdf>]
<anexos/estagio.pdf, id=1685, page=6, 614.295pt x 794.97pt>
File: anexos/estagio.pdf Graphic file (type pdf)
<use anexos/estagio.pdf, page 6>
Package pdftex.def Info: anexos/estagio.pdf , page6 used on input line 216.
(pdftex.def)             Requested size: 597.78697pt x 773.60669pt.
File: anexos/estagio.pdf Graphic file (type pdf)
<use anexos/estagio.pdf, page 6>
Package pdftex.def Info: anexos/estagio.pdf , page6 used on input line 216.
(pdftex.def)             Requested size: 597.78697pt x 773.60669pt.
File: anexos/estagio.pdf Graphic file (type pdf)
<use anexos/estagio.pdf, page 6>
Package pdftex.def Info: anexos/estagio.pdf , page6 used on input line 216.
(pdftex.def)             Requested size: 597.78697pt x 773.60669pt.

[247 </home/jander/documentos/ppc_ec_cc_ufscar/enc/anexos/estagio.pdf>]
<anexos/estagio.pdf, id=1690, page=7, 614.295pt x 794.97pt>
File: anexos/estagio.pdf Graphic file (type pdf)
<use anexos/estagio.pdf, page 7>
Package pdftex.def Info: anexos/estagio.pdf , page7 used on input line 216.
(pdftex.def)             Requested size: 597.78697pt x 773.60669pt.
File: anexos/estagio.pdf Graphic file (type pdf)
<use anexos/estagio.pdf, page 7>
Package pdftex.def Info: anexos/estagio.pdf , page7 used on input line 216.
(pdftex.def)             Requested size: 597.78697pt x 773.60669pt.
File: anexos/estagio.pdf Graphic file (type pdf)
<use anexos/estagio.pdf, page 7>
Package pdftex.def Info: anexos/estagio.pdf , page7 used on input line 216.
(pdftex.def)             Requested size: 597.78697pt x 773.60669pt.

[248 </home/jander/documentos/ppc_ec_cc_ufscar/enc/anexos/estagio.pdf>]
<anexos/estagio.pdf, id=1695, page=8, 614.295pt x 794.97pt>
File: anexos/estagio.pdf Graphic file (type pdf)
<use anexos/estagio.pdf, page 8>
Package pdftex.def Info: anexos/estagio.pdf , page8 used on input line 216.
(pdftex.def)             Requested size: 597.78697pt x 773.60669pt.
File: anexos/estagio.pdf Graphic file (type pdf)
<use anexos/estagio.pdf, page 8>
Package pdftex.def Info: anexos/estagio.pdf , page8 used on input line 216.
(pdftex.def)             Requested size: 597.78697pt x 773.60669pt.
File: anexos/estagio.pdf Graphic file (type pdf)
<use anexos/estagio.pdf, page 8>
Package pdftex.def Info: anexos/estagio.pdf , page8 used on input line 216.
(pdftex.def)             Requested size: 597.78697pt x 773.60669pt.

[249 </home/jander/documentos/ppc_ec_cc_ufscar/enc/anexos/estagio.pdf>]
[250] [251] [252] (/home/jander/documentos/ppc_ec_cc_ufscar/enc/ppc_enc.aux)

LaTeX Warning: There were undefined references.


LaTeX Warning: There were multiply-defined labels.

Package rerunfilecheck Info: File `ppc_enc.out' has not changed.
(rerunfilecheck)             Checksum: 528EB2F1E8FB9B3934E07AD178C153B6;9213.
Package logreq Info: Writing requests to 'ppc_enc.run.xml'.
\openout1 = `ppc_enc.run.xml'.

 ) 
Here is how much of TeX's memory you used:
 39799 strings out of 477935
 768082 string characters out of 5837532
 1877330 words of memory out of 5000000
 58353 multiletter control sequences out of 15000+600000
 537698 words of font info for 187 fonts, out of 8000000 for 9000
 61 hyphenation exceptions out of 8191
 103i,17n,152p,2340b,6199s stack positions out of 10000i,1000n,20000p,200000b,200000s
{/usr/share/texmf/fonts/enc/dvips/cm-super/cm-super-t1.enc}{/usr/share/texmf/
fonts/enc/dvips/cm-super/cm-super-ts1.enc}</usr/share/texlive/texmf-dist/fonts/
type1/public/amsfonts/cm/cmbx10.pfb></usr/share/texlive/texmf-dist/fonts/type1/
public/amsfonts/cm/cmbx12.pfb></usr/share/texlive/texmf-dist/fonts/type1/public
/amsfonts/cm/cmbxti10.pfb></usr/share/texlive/texmf-dist/fonts/type1/public/ams
fonts/cm/cmmi10.pfb></usr/share/texlive/texmf-dist/fonts/type1/public/amsfonts/
cm/cmr10.pfb></usr/share/texlive/texmf-dist/fonts/type1/public/amsfonts/cm/cmr7
.pfb></usr/share/texlive/texmf-dist/fonts/type1/public/amsfonts/cm/cmti10.pfb><
/usr/share/texmf/fonts/type1/public/cm-super/sfbx1095.pfb></usr/share/texmf/fon
ts/type1/public/cm-super/sfbx1200.pfb></usr/share/texmf/fonts/type1/public/cm-s
uper/sfbx1440.pfb></usr/share/texmf/fonts/type1/public/cm-super/sfbx1728.pfb></
usr/share/texmf/fonts/type1/public/cm-super/sfbx2488.pfb></usr/share/texmf/font
s/type1/public/cm-super/sfcc1095.pfb></usr/share/texmf/fonts/type1/public/cm-su
per/sfcc1200.pfb></usr/share/texmf/fonts/type1/public/cm-super/sfrm0800.pfb></u
sr/share/texmf/fonts/type1/public/cm-super/sfrm1095.pfb></usr/share/texmf/fonts
/type1/public/cm-super/sfrm1440.pfb></usr/share/texmf/fonts/type1/public/cm-sup
er/sfti1095.pfb></usr/share/texmf/fonts/type1/public/cm-super/sftt1095.pfb></us
r/share/texmf/fonts/type1/public/cm-super/sfxc1200.pfb>
Output written on /home/jander/documentos/ppc_ec_cc_ufscar/enc/ppc_enc.pdf (253
 pages, 1256458 bytes).
PDF statistics:
 1880 PDF objects out of 2073 (max. 8388607)
 1481 compressed objects within 15 object streams
 384 named destinations out of 1000 (max. 500000)
 46108 words of extra memory for PDF output out of 51595 (max. 10000000)

