\BOOKMARK [0][-]{chapter.1}{\376\377\000I\000n\000t\000r\000o\000d\000u\000\347\000\343\000o}{}% 1
\BOOKMARK [1][-]{section.1.1}{\376\377\000O\000r\000g\000a\000n\000i\000z\000a\000\347\000\343\000o\000\040\000d\000e\000s\000t\000e\000\040\000D\000o\000c\000u\000m\000e\000n\000t\000o}{chapter.1}% 2
\BOOKMARK [0][-]{chapter.2}{\376\377\000M\000a\000r\000c\000o\000\040\000R\000e\000f\000e\000r\000e\000n\000c\000i\000a\000l\000\040\000d\000o\000\040\000C\000u\000r\000s\000o}{}% 3
\BOOKMARK [1][-]{section.2.1}{\376\377\000\301\000r\000e\000a\000s\000\040\000d\000e\000\040\000C\000o\000n\000h\000e\000c\000i\000m\000e\000n\000t\000o\000\040\000P\000r\000e\000d\000o\000m\000i\000n\000a\000n\000t\000e\000s\000\040\000n\000o\000\040\000C\000u\000r\000s\000o}{chapter.2}% 4
\BOOKMARK [1][-]{section.2.2}{\376\377\000C\000a\000m\000p\000o\000s\000\040\000d\000e\000\040\000A\000t\000u\000a\000\347\000\343\000o\000\040\000P\000r\000o\000f\000i\000s\000s\000i\000o\000n\000a\000l}{chapter.2}% 5
\BOOKMARK [1][-]{section.2.3}{\376\377\000O\000b\000j\000e\000t\000i\000v\000o\000s\000\040\000d\000o\000\040\000C\000u\000r\000s\000o}{chapter.2}% 6
\BOOKMARK [1][-]{section.2.4}{\376\377\000J\000u\000s\000t\000i\000f\000i\000c\000a\000t\000i\000v\000a\000\040\000d\000a\000\040\000C\000r\000i\000a\000\347\000\343\000o\000\040\000d\000o\000\040\000C\000u\000r\000s\000o\000\040\000n\000a\000\040\000U\000F\000S\000C\000a\000r\000\040\000e\000\040\000s\000u\000a\000\040\000E\000v\000o\000l\000u\000\347\000\343\000o\000\040\000I\000n\000s\000t\000i\000t\000u\000c\000i\000o\000n\000a\000l}{chapter.2}% 7
\BOOKMARK [0][-]{chapter.3}{\376\377\000M\000a\000r\000c\000o\000\040\000C\000o\000n\000c\000e\000i\000t\000u\000a\000l\000\040\000d\000o\000\040\000C\000u\000r\000s\000o}{}% 8
\BOOKMARK [1][-]{section.3.1}{\376\377\000C\000o\000m\000p\000e\000t\000\352\000n\000c\000i\000a\000s\000\040\000G\000e\000r\000a\000i\000s\000\040\000d\000a\000\040\000F\000o\000r\000m\000a\000\347\000\343\000o\000\040\000d\000o\000\040\000E\000n\000g\000e\000n\000h\000e\000i\000r\000o\000\040\000d\000e\000\040\000C\000o\000m\000p\000u\000t\000a\000\347\000\343\000o}{chapter.3}% 9
\BOOKMARK [1][-]{section.3.2}{\376\377\000C\000o\000m\000p\000e\000t\000\352\000n\000c\000i\000a\000s\000\040\000E\000s\000p\000e\000c\000\355\000f\000i\000c\000a\000s\000\040\000d\000a\000\040\000F\000o\000r\000m\000a\000\347\000\343\000o\000\040\000d\000o\000\040\000E\000n\000g\000e\000n\000h\000e\000i\000r\000o\000\040\000d\000e\000\040\000C\000o\000m\000p\000u\000t\000a\000\347\000\343\000o}{chapter.3}% 10
\BOOKMARK [1][-]{section.3.3}{\376\377\000E\000s\000t\000r\000a\000t\000\351\000g\000i\000a\000s\000\040\000e\000\040\000m\000e\000t\000o\000d\000o\000l\000o\000g\000i\000a\000s\000\040\000d\000e\000\040\000e\000n\000s\000i\000n\000o\000\040\000e\000\040\000a\000v\000a\000l\000i\000a\000\347\000\343\000o}{chapter.3}% 11
\BOOKMARK [2][-]{subsection.3.3.1}{\376\377\000A\000t\000i\000v\000i\000d\000a\000d\000e\000s\000\040\000e\000m\000\040\000d\000i\000s\000c\000i\000p\000l\000i\000n\000a\000s}{section.3.3}% 12
\BOOKMARK [2][-]{subsection.3.3.2}{\376\377\000M\000e\000t\000o\000d\000o\000l\000o\000g\000i\000a\000s}{section.3.3}% 13
\BOOKMARK [2][-]{subsection.3.3.3}{\376\377\000A\000v\000a\000l\000i\000a\000\347\000\343\000o}{section.3.3}% 14
\BOOKMARK [0][-]{chapter.4}{\376\377\000M\000a\000r\000c\000o\000\040\000E\000s\000t\000r\000u\000t\000u\000r\000a\000l\000\040\000d\000o\000\040\000C\000u\000r\000s\000o}{}% 15
\BOOKMARK [1][-]{section.4.1}{\376\377\000P\000r\000i\000n\000c\000\355\000p\000i\000o\000s\000\040\000N\000o\000r\000t\000e\000a\000d\000o\000r\000e\000s\000\040\000d\000a\000\040\000R\000e\000f\000o\000r\000m\000u\000l\000a\000\347\000\343\000o\000\040\000C\000u\000r\000r\000i\000c\000u\000l\000a\000r}{chapter.4}% 16
\BOOKMARK [1][-]{section.4.2}{\376\377\000A\000t\000i\000v\000i\000d\000a\000d\000e\000s\000\040\000C\000u\000r\000r\000i\000c\000u\000l\000a\000r\000e\000s\000\040\000e\000\040\000M\000a\000t\000r\000i\000z\000\040\000C\000u\000r\000r\000i\000c\000u\000l\000a\000r}{chapter.4}% 17
\BOOKMARK [2][-]{subsection.4.2.1}{\376\377\000C\000o\000n\000t\000e\000\372\000d\000o\000s\000\040\000b\000\341\000s\000i\000c\000o\000s\000\040\000e\000\040\000t\000e\000c\000n\000o\000l\000\363\000g\000i\000c\000o\000s\000\040\000r\000e\000f\000e\000r\000e\000n\000t\000e\000s\000\040\000\340\000\040\000\341\000r\000e\000a\000\040\000d\000a\000\040\000c\000o\000m\000p\000u\000t\000a\000\347\000\343\000o}{section.4.2}% 18
\BOOKMARK [2][-]{subsection.4.2.2}{\376\377\000C\000o\000n\000t\000e\000\372\000d\000o\000s\000\040\000b\000\341\000s\000i\000c\000o\000s\000\040\000e\000\040\000t\000e\000c\000n\000o\000l\000\363\000g\000i\000c\000o\000s\000\040\000e\000s\000p\000e\000c\000\355\000f\000i\000c\000o\000s\000\040\000p\000a\000r\000a\000\040\000o\000\040\000c\000u\000r\000s\000o\000\040\000d\000e\000\040\000E\000n\000g\000e\000n\000h\000a\000r\000i\000a\000\040\000d\000e\000\040\000C\000o\000m\000p\000u\000t\000a\000\347\000\343\000o}{section.4.2}% 19
\BOOKMARK [2][-]{subsection.4.2.3}{\376\377\000M\000a\000t\000r\000i\000z\000\040\000C\000u\000r\000r\000i\000c\000u\000l\000a\000r}{section.4.2}% 20
\BOOKMARK [1][-]{section.4.3}{\376\377\000E\000m\000e\000n\000t\000\341\000r\000i\000o\000\040\000d\000e\000\040\000D\000i\000s\000c\000i\000p\000l\000i\000n\000a\000s}{chapter.4}% 21
\BOOKMARK [2][-]{subsection.4.3.1}{\376\377\000D\000i\000s\000c\000i\000p\000l\000i\000n\000a\000s\000\040\000O\000p\000t\000a\000t\000i\000v\000a\000s}{section.4.3}% 22
\BOOKMARK [1][-]{section.4.4}{\376\377\000I\000n\000t\000e\000g\000r\000a\000\347\000\343\000o\000\040\000E\000n\000s\000i\000n\000o\000,\000\040\000P\000e\000s\000q\000u\000i\000s\000a\000\040\000e\000\040\000E\000x\000t\000e\000n\000s\000\343\000o}{chapter.4}% 23
\BOOKMARK [2][-]{subsection.4.4.1}{\376\377\000A\000t\000i\000v\000i\000d\000a\000d\000e\000s\000\040\000d\000e\000\040\000P\000e\000s\000q\000u\000i\000s\000a}{section.4.4}% 24
\BOOKMARK [2][-]{subsection.4.4.2}{\376\377\000A\000t\000i\000v\000i\000d\000a\000d\000e\000s\000\040\000d\000e\000\040\000E\000x\000t\000e\000n\000s\000\343\000o}{section.4.4}% 25
\BOOKMARK [0][-]{chapter.5}{\376\377\000P\000l\000a\000n\000o\000\040\000d\000e\000\040\000I\000m\000p\000l\000a\000n\000t\000a\000\347\000\343\000o}{}% 26
\BOOKMARK [1][-]{section.5.1}{\376\377\000I\000n\000f\000r\000a\000e\000s\000t\000r\000u\000t\000u\000r\000a\000\040\000N\000e\000c\000e\000s\000s\000\341\000r\000i\000a\000\040\000p\000a\000r\000a\000\040\000o\000\040\000F\000u\000n\000c\000i\000o\000n\000a\000m\000e\000n\000t\000o\000\040\000d\000o\000\040\000C\000u\000r\000s\000o}{chapter.5}% 27
\BOOKMARK [2][-]{subsection.5.1.1}{\376\377\000C\000o\000r\000p\000o\000\040\000D\000o\000c\000e\000n\000t\000e\000\040\000e\000\040\000T\000\351\000c\000n\000i\000c\000o}{section.5.1}% 28
\BOOKMARK [2][-]{subsection.5.1.2}{\376\377\000E\000s\000p\000a\000\347\000o\000\040\000f\000\355\000s\000i\000c\000o}{section.5.1}% 29
\BOOKMARK [2][-]{subsection.5.1.3}{\376\377\000I\000n\000f\000r\000a\000e\000s\000t\000r\000u\000t\000u\000r\000a\000\040\000d\000e\000\040\000a\000p\000o\000i\000o}{section.5.1}% 30
\BOOKMARK [1][-]{section.5.2}{\376\377\000A\000d\000m\000i\000n\000i\000s\000t\000r\000a\000\347\000\343\000o\000\040\000e\000\040\000C\000o\000n\000d\000u\000\347\000\343\000o\000\040\000d\000o\000\040\000C\000u\000r\000s\000o}{chapter.5}% 31
\BOOKMARK [1][-]{section.5.3}{\376\377\000P\000r\000o\000c\000e\000s\000s\000o\000\040\000p\000a\000r\000a\000\040\000A\000u\000t\000o\000a\000v\000a\000l\000i\000a\000\347\000\343\000o\000\040\000d\000o\000\040\000C\000u\000r\000s\000o}{chapter.5}% 32
\BOOKMARK [0][-]{chapter*.26}{\376\377\000R\000e\000f\000e\000r\000\352\000n\000c\000i\000a\000s\000\040\000B\000i\000b\000l\000i\000o\000g\000r\000\341\000f\000i\000c\000a\000s}{}% 33
\BOOKMARK [0][-]{appendix.A}{\376\377\000C\000a\000r\000a\000c\000t\000e\000r\000i\000z\000a\000\347\000\343\000o\000\040\000d\000a\000s\000\040\000c\000o\000m\000p\000e\000t\000\352\000n\000c\000i\000a\000s\000\040\000d\000a\000\040\000U\000F\000S\000C\000a\000r}{}% 34
\BOOKMARK [0][-]{appendix.B}{\376\377\000R\000e\000g\000u\000l\000a\000m\000e\000n\000t\000a\000\347\000\343\000o\000\040\000d\000a\000\040\000I\000n\000s\000e\000r\000\347\000\343\000o\000\040\000C\000u\000r\000r\000i\000c\000u\000l\000a\000r\000\040\000d\000a\000s\000\040\000A\000t\000i\000v\000i\000d\000a\000d\000e\000s\000\040\000d\000e\000\040\000E\000x\000t\000e\000n\000s\000\343\000o}{}% 35
\BOOKMARK [0][-]{appendix.C}{\376\377\000R\000e\000g\000u\000l\000a\000m\000e\000n\000t\000o\000\040\000d\000e\000\040\000A\000t\000i\000v\000i\000d\000a\000d\000e\000s\000\040\000C\000o\000m\000p\000l\000e\000m\000e\000n\000t\000a\000r\000e\000s}{}% 36
\BOOKMARK [0][-]{appendix.D}{\376\377\000R\000e\000g\000u\000l\000a\000m\000e\000n\000t\000o\000\040\000d\000o\000\040\000E\000s\000t\000\341\000g\000i\000o\000\040\000C\000u\000r\000r\000i\000c\000u\000l\000a\000r\000\040\000O\000b\000r\000i\000g\000a\000t\000\363\000r\000i\000o\000\040\000e\000\040\000N\000\343\000o\000-\000o\000b\000r\000i\000g\000a\000t\000\363\000r\000i\000o}{}% 37
